INITIALIZED AND RUNNING '/home/jason/LD/LDCode/LJ/life/20x/LDcode'.


Parsing File 'LD_Input_Ar4.txt' For Input Data...

WARNING: The 'conductivity' flag is no longer used.  The thermal conductivity is always computed.

Done reading input file.  Outputing stored data to log file for error checking...

VARIABLES
  $a = 5.236e-10

LATTICE = 3
  a1 = 5.236e-10 0 0
  a2 = 0 5.236e-10 0
  a3 = 0 0 5.236e-10
  BC1 = 0
  BC2 = 0
  BC3 = 0
  N1  = 20
  N2  = 20
  N3  = 20
  Volume = 1.43549e-28
  b1 = 1.90985e+09 0 0
  b2 = 0 1.90985e+09 0
  b3 = 0 0 1.90985e+09

MATERIAL = 1
  Ar = 6.63e-26

UNIT_CELL = 4
  Ar  0 0 0
  Ar  2.618e-10 2.618e-10 0
  Ar  2.618e-10 0 2.618e-10
  Ar  0 2.618e-10 2.618e-10

SYMMETRY = 123
  wave_vector = true

PREPROCESS = true
  optimization = -99
  structure    = true
  energy_force = true

DISPERSION = 500
  Begin = 0 0 0
  End = 1.90985e+09 0 0

HARMONIC = true
  frequency = true
  velocity  = true
  evect     = true
  DOS       = true

ANHARMONIC = 5
  continue     = 0
  temperature  = 10
  fs_guess     = 0.02
  lw_guess     = 0.03

POSTPROCESS = true
  TC_beg   = 5
  TC_end   = 5
  data_itr = 5
  data_beg = 0 0 0
  data_inc = 0 0 1
  data_num = 4
  data_fBZ = no_symmetry

POTENTIAL LJ 1 Ar
  epsilon = 1.67e-21 J
  sigma   = 3.4e-10 m
  cutoff  = 8.5e-10 m
  Acutoff = 8.5e-10 m


Outputing crystal structure to file 'Structure.xyz'...



Computing Energies and Forces...

Energy and forces on atom 0 = -2.70137e-20 J, 0 0 0
Energy and forces on atom 1 = -2.70137e-20 J, 0 0 0
Energy and forces on atom 2 = -2.70137e-20 J, 0 0 0
Energy and forces on atom 3 = -2.70137e-20 J, 0 0 0


Computing Harmonic Force Constants...

Harmonic force constants for atom 0: N1, N2 = 1, 78
Harmonic force constants for atom 1: N1, N2 = 1, 78
Harmonic force constants for atom 2: N1, N2 = 1, 78
Harmonic force constants for atom 3: N1, N2 = 1, 78


Begining Dispersion Relation Calculation.

Dispersion is 1% complete. k* = < 0.00999997 0 0 >, |k*| = 0.00999997
Dispersion is 2% complete. k* = < 0.0199999 0 0 >, |k*| = 0.0199999
Dispersion is 3% complete. k* = < 0.0299999 0 0 >, |k*| = 0.0299999
Dispersion is 4% complete. k* = < 0.0399999 0 0 >, |k*| = 0.0399999
Dispersion is 5% complete. k* = < 0.0499999 0 0 >, |k*| = 0.0499999
Dispersion is 6% complete. k* = < 0.0599998 0 0 >, |k*| = 0.0599998
Dispersion is 7% complete. k* = < 0.0699998 0 0 >, |k*| = 0.0699998
Dispersion is 8% complete. k* = < 0.0799998 0 0 >, |k*| = 0.0799998
Dispersion is 9% complete. k* = < 0.0899998 0 0 >, |k*| = 0.0899998
Dispersion is 10% complete. k* = < 0.0999997 0 0 >, |k*| = 0.0999997
Dispersion is 11% complete. k* = < 0.11 0 0 >, |k*| = 0.11
Dispersion is 12% complete. k* = < 0.12 0 0 >, |k*| = 0.12
Dispersion is 13% complete. k* = < 0.13 0 0 >, |k*| = 0.13
Dispersion is 14% complete. k* = < 0.14 0 0 >, |k*| = 0.14
Dispersion is 15% complete. k* = < 0.15 0 0 >, |k*| = 0.15
Dispersion is 16% complete. k* = < 0.16 0 0 >, |k*| = 0.16
Dispersion is 17% complete. k* = < 0.17 0 0 >, |k*| = 0.17
Dispersion is 18% complete. k* = < 0.18 0 0 >, |k*| = 0.18
Dispersion is 19% complete. k* = < 0.19 0 0 >, |k*| = 0.19
Dispersion is 20% complete. k* = < 0.199999 0 0 >, |k*| = 0.199999
Dispersion is 21% complete. k* = < 0.209999 0 0 >, |k*| = 0.209999
Dispersion is 22% complete. k* = < 0.219999 0 0 >, |k*| = 0.219999
Dispersion is 23% complete. k* = < 0.229999 0 0 >, |k*| = 0.229999
Dispersion is 24% complete. k* = < 0.239999 0 0 >, |k*| = 0.239999
Dispersion is 25% complete. k* = < 0.249999 0 0 >, |k*| = 0.249999
Dispersion is 26% complete. k* = < 0.259999 0 0 >, |k*| = 0.259999
Dispersion is 27% complete. k* = < 0.269999 0 0 >, |k*| = 0.269999
Dispersion is 28% complete. k* = < 0.279999 0 0 >, |k*| = 0.279999
Dispersion is 29% complete. k* = < 0.289999 0 0 >, |k*| = 0.289999
Dispersion is 30% complete. k* = < 0.299999 0 0 >, |k*| = 0.299999
Dispersion is 31% complete. k* = < 0.309999 0 0 >, |k*| = 0.309999
Dispersion is 32% complete. k* = < 0.319999 0 0 >, |k*| = 0.319999
Dispersion is 33% complete. k* = < 0.329999 0 0 >, |k*| = 0.329999
Dispersion is 34% complete. k* = < 0.339999 0 0 >, |k*| = 0.339999
Dispersion is 35% complete. k* = < 0.349999 0 0 >, |k*| = 0.349999
Dispersion is 36% complete. k* = < 0.359999 0 0 >, |k*| = 0.359999
Dispersion is 37% complete. k* = < 0.369999 0 0 >, |k*| = 0.369999
Dispersion is 38% complete. k* = < 0.379999 0 0 >, |k*| = 0.379999
Dispersion is 39% complete. k* = < 0.389999 0 0 >, |k*| = 0.389999
Dispersion is 40% complete. k* = < 0.399999 0 0 >, |k*| = 0.399999
Dispersion is 41% complete. k* = < 0.409999 0 0 >, |k*| = 0.409999
Dispersion is 42% complete. k* = < 0.419999 0 0 >, |k*| = 0.419999
Dispersion is 43% complete. k* = < 0.429999 0 0 >, |k*| = 0.429999
Dispersion is 44% complete. k* = < 0.439999 0 0 >, |k*| = 0.439999
Dispersion is 45% complete. k* = < 0.449999 0 0 >, |k*| = 0.449999
Dispersion is 46% complete. k* = < 0.459999 0 0 >, |k*| = 0.459999
Dispersion is 47% complete. k* = < 0.469999 0 0 >, |k*| = 0.469999
Dispersion is 48% complete. k* = < 0.479999 0 0 >, |k*| = 0.479999
Dispersion is 49% complete. k* = < 0.489999 0 0 >, |k*| = 0.489999
Dispersion is 50% complete. k* = < 0.499999 0 0 >, |k*| = 0.499999
Dispersion is 51% complete. k* = < 0.509999 0 0 >, |k*| = 0.509999
Dispersion is 52% complete. k* = < 0.519999 0 0 >, |k*| = 0.519999
Dispersion is 52% complete. k* = < 0.529999 0 0 >, |k*| = 0.529999
Dispersion is 54% complete. k* = < 0.539999 0 0 >, |k*| = 0.539999
Dispersion is 55% complete. k* = < 0.549999 0 0 >, |k*| = 0.549999
Dispersion is 56% complete. k* = < 0.559999 0 0 >, |k*| = 0.559999
Dispersion is 57% complete. k* = < 0.569999 0 0 >, |k*| = 0.569999
Dispersion is 58% complete. k* = < 0.579999 0 0 >, |k*| = 0.579999
Dispersion is 58% complete. k* = < 0.589999 0 0 >, |k*| = 0.589999
Dispersion is 60% complete. k* = < 0.599998 0 0 >, |k*| = 0.599998
Dispersion is 61% complete. k* = < 0.609998 0 0 >, |k*| = 0.609998
Dispersion is 62% complete. k* = < 0.619998 0 0 >, |k*| = 0.619998
Dispersion is 63% complete. k* = < 0.629998 0 0 >, |k*| = 0.629998
Dispersion is 64% complete. k* = < 0.639998 0 0 >, |k*| = 0.639998
Dispersion is 65% complete. k* = < 0.649998 0 0 >, |k*| = 0.649998
Dispersion is 66% complete. k* = < 0.659998 0 0 >, |k*| = 0.659998
Dispersion is 67% complete. k* = < 0.669998 0 0 >, |k*| = 0.669998
Dispersion is 68% complete. k* = < 0.679998 0 0 >, |k*| = 0.679998
Dispersion is 69% complete. k* = < 0.689998 0 0 >, |k*| = 0.689998
Dispersion is 70% complete. k* = < 0.699998 0 0 >, |k*| = 0.699998
Dispersion is 71% complete. k* = < 0.709998 0 0 >, |k*| = 0.709998
Dispersion is 72% complete. k* = < 0.719998 0 0 >, |k*| = 0.719998
Dispersion is 73% complete. k* = < 0.729998 0 0 >, |k*| = 0.729998
Dispersion is 74% complete. k* = < 0.739998 0 0 >, |k*| = 0.739998
Dispersion is 75% complete. k* = < 0.749998 0 0 >, |k*| = 0.749998
Dispersion is 76% complete. k* = < 0.759998 0 0 >, |k*| = 0.759998
Dispersion is 77% complete. k* = < 0.769998 0 0 >, |k*| = 0.769998
Dispersion is 78% complete. k* = < 0.779998 0 0 >, |k*| = 0.779998
Dispersion is 79% complete. k* = < 0.789998 0 0 >, |k*| = 0.789998
Dispersion is 80% complete. k* = < 0.799998 0 0 >, |k*| = 0.799998
Dispersion is 81% complete. k* = < 0.809998 0 0 >, |k*| = 0.809998
Dispersion is 82% complete. k* = < 0.819998 0 0 >, |k*| = 0.819998
Dispersion is 83% complete. k* = < 0.829998 0 0 >, |k*| = 0.829998
Dispersion is 84% complete. k* = < 0.839998 0 0 >, |k*| = 0.839998
Dispersion is 85% complete. k* = < 0.849998 0 0 >, |k*| = 0.849998
Dispersion is 86% complete. k* = < 0.859998 0 0 >, |k*| = 0.859998
Dispersion is 87% complete. k* = < 0.869998 0 0 >, |k*| = 0.869998
Dispersion is 88% complete. k* = < 0.879998 0 0 >, |k*| = 0.879998
Dispersion is 89% complete. k* = < 0.889998 0 0 >, |k*| = 0.889998
Dispersion is 90% complete. k* = < 0.899998 0 0 >, |k*| = 0.899998
Dispersion is 91% complete. k* = < 0.909998 0 0 >, |k*| = 0.909998
Dispersion is 92% complete. k* = < 0.919998 0 0 >, |k*| = 0.919998
Dispersion is 93% complete. k* = < 0.929998 0 0 >, |k*| = 0.929998
Dispersion is 94% complete. k* = < 0.939998 0 0 >, |k*| = 0.939998
Dispersion is 95% complete. k* = < 0.949998 0 0 >, |k*| = 0.949998
Dispersion is 96% complete. k* = < 0.959998 0 0 >, |k*| = 0.959998
Dispersion is 97% complete. k* = < 0.969998 0 0 >, |k*| = 0.969998
Dispersion is 98% complete. k* = < 0.979998 0 0 >, |k*| = 0.979998
Dispersion is 99% complete. k* = < 0.989997 0 0 >, |k*| = 0.989997
Dispersion is 100% complete. k* = < 0.999997 0 0 >, |k*| = 0.999997


Beginning Harmonic Calculation of Frequency, Velocity, Eigenvector.

Harmonic Calculation is 1 % Complete.  552 of 54852 waves calculated.
Harmonic Calculation is 2 % Complete.  1104 of 54852 waves calculated.
Harmonic Calculation is 3 % Complete.  1656 of 54852 waves calculated.
Harmonic Calculation is 4 % Complete.  2196 of 54852 waves calculated.
Harmonic Calculation is 5 % Complete.  2748 of 54852 waves calculated.
Harmonic Calculation is 6 % Complete.  3300 of 54852 waves calculated.
Harmonic Calculation is 7 % Complete.  3840 of 54852 waves calculated.
Harmonic Calculation is 8 % Complete.  4392 of 54852 waves calculated.
Harmonic Calculation is 9 % Complete.  4944 of 54852 waves calculated.
Harmonic Calculation is 10 % Complete.  5496 of 54852 waves calculated.
Harmonic Calculation is 11 % Complete.  6036 of 54852 waves calculated.
Harmonic Calculation is 12 % Complete.  6588 of 54852 waves calculated.
Harmonic Calculation is 13 % Complete.  7140 of 54852 waves calculated.
Harmonic Calculation is 14 % Complete.  7680 of 54852 waves calculated.
Harmonic Calculation is 15 % Complete.  8232 of 54852 waves calculated.
Harmonic Calculation is 16 % Complete.  8784 of 54852 waves calculated.
Harmonic Calculation is 17 % Complete.  9336 of 54852 waves calculated.
Harmonic Calculation is 18 % Complete.  9876 of 54852 waves calculated.
Harmonic Calculation is 19 % Complete.  10428 of 54852 waves calculated.
Harmonic Calculation is 20 % Complete.  10980 of 54852 waves calculated.
Harmonic Calculation is 21 % Complete.  11520 of 54852 waves calculated.
Harmonic Calculation is 22 % Complete.  12072 of 54852 waves calculated.
Harmonic Calculation is 23 % Complete.  12624 of 54852 waves calculated.
Harmonic Calculation is 24 % Complete.  13176 of 54852 waves calculated.
Harmonic Calculation is 25 % Complete.  13716 of 54852 waves calculated.
Harmonic Calculation is 26 % Complete.  14268 of 54852 waves calculated.
Harmonic Calculation is 27 % Complete.  14820 of 54852 waves calculated.
Harmonic Calculation is 28 % Complete.  15360 of 54852 waves calculated.
Harmonic Calculation is 29 % Complete.  15912 of 54852 waves calculated.
Harmonic Calculation is 30 % Complete.  16464 of 54852 waves calculated.
Harmonic Calculation is 31 % Complete.  17016 of 54852 waves calculated.
Harmonic Calculation is 32 % Complete.  17556 of 54852 waves calculated.
Harmonic Calculation is 33 % Complete.  18108 of 54852 waves calculated.
Harmonic Calculation is 34 % Complete.  18660 of 54852 waves calculated.
Harmonic Calculation is 35 % Complete.  19200 of 54852 waves calculated.
Harmonic Calculation is 36 % Complete.  19752 of 54852 waves calculated.
Harmonic Calculation is 37 % Complete.  20304 of 54852 waves calculated.
Harmonic Calculation is 38 % Complete.  20844 of 54852 waves calculated.
Harmonic Calculation is 39 % Complete.  21396 of 54852 waves calculated.
Harmonic Calculation is 40 % Complete.  21948 of 54852 waves calculated.
Harmonic Calculation is 41 % Complete.  22500 of 54852 waves calculated.
Harmonic Calculation is 42 % Complete.  23040 of 54852 waves calculated.
Harmonic Calculation is 43 % Complete.  23592 of 54852 waves calculated.
Harmonic Calculation is 44 % Complete.  24144 of 54852 waves calculated.
Harmonic Calculation is 45 % Complete.  24684 of 54852 waves calculated.
Harmonic Calculation is 46 % Complete.  25236 of 54852 waves calculated.
Harmonic Calculation is 47 % Complete.  25788 of 54852 waves calculated.
Harmonic Calculation is 48 % Complete.  26340 of 54852 waves calculated.
Harmonic Calculation is 49 % Complete.  26880 of 54852 waves calculated.
Harmonic Calculation is 50 % Complete.  27432 of 54852 waves calculated.
Harmonic Calculation is 51 % Complete.  27984 of 54852 waves calculated.
Harmonic Calculation is 52 % Complete.  28524 of 54852 waves calculated.
Harmonic Calculation is 53 % Complete.  29076 of 54852 waves calculated.
Harmonic Calculation is 54 % Complete.  29628 of 54852 waves calculated.
Harmonic Calculation is 55 % Complete.  30180 of 54852 waves calculated.
Harmonic Calculation is 56 % Complete.  30720 of 54852 waves calculated.
Harmonic Calculation is 57 % Complete.  31272 of 54852 waves calculated.
Harmonic Calculation is 58 % Complete.  31824 of 54852 waves calculated.
Harmonic Calculation is 59 % Complete.  32364 of 54852 waves calculated.
Harmonic Calculation is 60 % Complete.  32916 of 54852 waves calculated.
Harmonic Calculation is 61 % Complete.  33468 of 54852 waves calculated.
Harmonic Calculation is 62 % Complete.  34020 of 54852 waves calculated.
Harmonic Calculation is 63 % Complete.  34560 of 54852 waves calculated.
Harmonic Calculation is 64 % Complete.  35112 of 54852 waves calculated.
Harmonic Calculation is 65 % Complete.  35664 of 54852 waves calculated.
Harmonic Calculation is 66 % Complete.  36204 of 54852 waves calculated.
Harmonic Calculation is 67 % Complete.  36756 of 54852 waves calculated.
Harmonic Calculation is 68 % Complete.  37308 of 54852 waves calculated.
Harmonic Calculation is 69 % Complete.  37848 of 54852 waves calculated.
Harmonic Calculation is 70 % Complete.  38400 of 54852 waves calculated.
Harmonic Calculation is 71 % Complete.  38952 of 54852 waves calculated.
Harmonic Calculation is 72 % Complete.  39504 of 54852 waves calculated.
Harmonic Calculation is 73 % Complete.  40044 of 54852 waves calculated.
Harmonic Calculation is 74 % Complete.  40596 of 54852 waves calculated.
Harmonic Calculation is 75 % Complete.  41148 of 54852 waves calculated.
Harmonic Calculation is 76 % Complete.  41688 of 54852 waves calculated.
Harmonic Calculation is 77 % Complete.  42240 of 54852 waves calculated.
Harmonic Calculation is 78 % Complete.  42792 of 54852 waves calculated.
Harmonic Calculation is 79 % Complete.  43344 of 54852 waves calculated.
Harmonic Calculation is 80 % Complete.  43884 of 54852 waves calculated.
Harmonic Calculation is 81 % Complete.  44436 of 54852 waves calculated.
Harmonic Calculation is 82 % Complete.  44988 of 54852 waves calculated.
Harmonic Calculation is 83 % Complete.  45528 of 54852 waves calculated.
Harmonic Calculation is 84 % Complete.  46080 of 54852 waves calculated.
Harmonic Calculation is 85 % Complete.  46632 of 54852 waves calculated.
Harmonic Calculation is 86 % Complete.  47184 of 54852 waves calculated.
Harmonic Calculation is 87 % Complete.  47724 of 54852 waves calculated.
Harmonic Calculation is 88 % Complete.  48276 of 54852 waves calculated.
Harmonic Calculation is 89 % Complete.  48828 of 54852 waves calculated.
Harmonic Calculation is 90 % Complete.  49368 of 54852 waves calculated.
Harmonic Calculation is 91 % Complete.  49920 of 54852 waves calculated.
Harmonic Calculation is 92 % Complete.  50472 of 54852 waves calculated.
Harmonic Calculation is 93 % Complete.  51024 of 54852 waves calculated.
Harmonic Calculation is 94 % Complete.  51564 of 54852 waves calculated.
Harmonic Calculation is 95 % Complete.  52116 of 54852 waves calculated.
Harmonic Calculation is 96 % Complete.  52668 of 54852 waves calculated.
Harmonic Calculation is 97 % Complete.  53208 of 54852 waves calculated.
Harmonic Calculation is 98 % Complete.  53760 of 54852 waves calculated.
Harmonic Calculation is 99 % Complete.  54312 of 54852 waves calculated.
Harmonic Calculation is 100 % Complete.  54852 of 54852 waves calculated.

Computing phonon density of states.


Computing Anharmonic Force Constants...

Anharmonic force constants for atom 0: N1, N2, N3, N4 = 1, 78, 0, 0
Anharmonic force constants for atom 1: N1, N2, N3, N4 = 1, 78, 0, 0
Anharmonic force constants for atom 2: N1, N2, N3, N4 = 1, 78, 0, 0
Anharmonic force constants for atom 3: N1, N2, N3, N4 = 1, 78, 0, 0

Building Files of Initial Guesses...
  For quantum system from harmonic frequencies.
  For classical system from harmonic frequencies.


Computing frequency shift and linewidth (iter 1)...

Anharmonic calculation is 1% complete after 4.4 minutes.  35 of 3432 waves calculated.
Anharmonic calculation is 2% complete after 8.68333 minutes.  69 of 3432 waves calculated.
Anharmonic calculation is 3% complete after 12.95 minutes.  103 of 3432 waves calculated.
Anharmonic calculation is 4% complete after 17.3333 minutes.  138 of 3432 waves calculated.
Anharmonic calculation is 5% complete after 21.6167 minutes.  172 of 3432 waves calculated.
Anharmonic calculation is 6% complete after 25.8833 minutes.  206 of 3432 waves calculated.
Anharmonic calculation is 7% complete after 30.2833 minutes.  241 of 3432 waves calculated.
Anharmonic calculation is 8% complete after 34.5333 minutes.  275 of 3432 waves calculated.
Anharmonic calculation is 9% complete after 38.8167 minutes.  309 of 3432 waves calculated.
Anharmonic calculation is 10% complete after 43.2 minutes.  344 of 3432 waves calculated.
Anharmonic calculation is 11% complete after 47.4667 minutes.  378 of 3432 waves calculated.
Anharmonic calculation is 12% complete after 51.75 minutes.  412 of 3432 waves calculated.
Anharmonic calculation is 13% complete after 56.15 minutes.  447 of 3432 waves calculated.
Anharmonic calculation is 14% complete after 60.4 minutes.  481 of 3432 waves calculated.
Anharmonic calculation is 15% complete after 64.6667 minutes.  515 of 3432 waves calculated.
Anharmonic calculation is 16% complete after 69.0667 minutes.  550 of 3432 waves calculated.
Anharmonic calculation is 17% complete after 73.3333 minutes.  584 of 3432 waves calculated.
Anharmonic calculation is 18% complete after 77.6167 minutes.  618 of 3432 waves calculated.
Anharmonic calculation is 19% complete after 82 minutes.  653 of 3432 waves calculated.
Anharmonic calculation is 20% complete after 86.2667 minutes.  687 of 3432 waves calculated.
Anharmonic calculation is 21% complete after 90.5333 minutes.  721 of 3432 waves calculated.
Anharmonic calculation is 22% complete after 94.95 minutes.  756 of 3432 waves calculated.
Anharmonic calculation is 23% complete after 99.2 minutes.  790 of 3432 waves calculated.
Anharmonic calculation is 24% complete after 103.433 minutes.  824 of 3432 waves calculated.
Anharmonic calculation is 25% complete after 107.683 minutes.  858 of 3432 waves calculated.
Anharmonic calculation is 26% complete after 112.033 minutes.  893 of 3432 waves calculated.
Anharmonic calculation is 27% complete after 116.267 minutes.  927 of 3432 waves calculated.
Anharmonic calculation is 28% complete after 120.517 minutes.  961 of 3432 waves calculated.
Anharmonic calculation is 29% complete after 124.9 minutes.  996 of 3432 waves calculated.
Anharmonic calculation is 30% complete after 129.133 minutes.  1030 of 3432 waves calculated.
Anharmonic calculation is 31% complete after 133.4 minutes.  1064 of 3432 waves calculated.
Anharmonic calculation is 32% complete after 137.767 minutes.  1099 of 3432 waves calculated.
Anharmonic calculation is 33% complete after 142 minutes.  1133 of 3432 waves calculated.
Anharmonic calculation is 34% complete after 146.25 minutes.  1167 of 3432 waves calculated.
Anharmonic calculation is 35% complete after 150.6 minutes.  1202 of 3432 waves calculated.
Anharmonic calculation is 36% complete after 154.85 minutes.  1236 of 3432 waves calculated.
Anharmonic calculation is 37% complete after 159.083 minutes.  1270 of 3432 waves calculated.
Anharmonic calculation is 38% complete after 163.45 minutes.  1305 of 3432 waves calculated.
Anharmonic calculation is 39% complete after 167.7 minutes.  1339 of 3432 waves calculated.
Anharmonic calculation is 40% complete after 171.917 minutes.  1373 of 3432 waves calculated.
Anharmonic calculation is 41% complete after 176.267 minutes.  1408 of 3432 waves calculated.
Anharmonic calculation is 42% complete after 180.5 minutes.  1442 of 3432 waves calculated.
Anharmonic calculation is 43% complete after 184.717 minutes.  1476 of 3432 waves calculated.
Anharmonic calculation is 44% complete after 189.067 minutes.  1511 of 3432 waves calculated.
Anharmonic calculation is 45% complete after 193.283 minutes.  1545 of 3432 waves calculated.
Anharmonic calculation is 46% complete after 197.517 minutes.  1579 of 3432 waves calculated.
Anharmonic calculation is 47% complete after 201.883 minutes.  1614 of 3432 waves calculated.
Anharmonic calculation is 48% complete after 206.117 minutes.  1648 of 3432 waves calculated.
Anharmonic calculation is 49% complete after 210.35 minutes.  1682 of 3432 waves calculated.
Anharmonic calculation is 50% complete after 214.583 minutes.  1716 of 3432 waves calculated.
Anharmonic calculation is 51% complete after 218.933 minutes.  1751 of 3432 waves calculated.
Anharmonic calculation is 52% complete after 223.167 minutes.  1785 of 3432 waves calculated.
Anharmonic calculation is 53% complete after 227.4 minutes.  1819 of 3432 waves calculated.
Anharmonic calculation is 54% complete after 231.75 minutes.  1854 of 3432 waves calculated.
Anharmonic calculation is 55% complete after 236 minutes.  1888 of 3432 waves calculated.
Anharmonic calculation is 56% complete after 240.217 minutes.  1922 of 3432 waves calculated.
Anharmonic calculation is 57% complete after 244.583 minutes.  1957 of 3432 waves calculated.
Anharmonic calculation is 58% complete after 248.8 minutes.  1991 of 3432 waves calculated.
Anharmonic calculation is 59% complete after 253.033 minutes.  2025 of 3432 waves calculated.
Anharmonic calculation is 60% complete after 257.4 minutes.  2060 of 3432 waves calculated.
Anharmonic calculation is 61% complete after 261.633 minutes.  2094 of 3432 waves calculated.
Anharmonic calculation is 62% complete after 265.867 minutes.  2128 of 3432 waves calculated.
Anharmonic calculation is 63% complete after 270.25 minutes.  2163 of 3432 waves calculated.
Anharmonic calculation is 64% complete after 274.483 minutes.  2197 of 3432 waves calculated.
Anharmonic calculation is 65% complete after 278.717 minutes.  2231 of 3432 waves calculated.
Anharmonic calculation is 66% complete after 283.1 minutes.  2266 of 3432 waves calculated.
Anharmonic calculation is 67% complete after 287.333 minutes.  2300 of 3432 waves calculated.
Anharmonic calculation is 68% complete after 291.583 minutes.  2334 of 3432 waves calculated.
Anharmonic calculation is 69% complete after 295.95 minutes.  2369 of 3432 waves calculated.
Anharmonic calculation is 70% complete after 300.2 minutes.  2403 of 3432 waves calculated.
Anharmonic calculation is 71% complete after 304.433 minutes.  2437 of 3432 waves calculated.
Anharmonic calculation is 72% complete after 308.783 minutes.  2472 of 3432 waves calculated.
Anharmonic calculation is 73% complete after 313.033 minutes.  2506 of 3432 waves calculated.
Anharmonic calculation is 74% complete after 317.283 minutes.  2540 of 3432 waves calculated.
Anharmonic calculation is 75% complete after 321.533 minutes.  2574 of 3432 waves calculated.
Anharmonic calculation is 76% complete after 325.883 minutes.  2609 of 3432 waves calculated.
Anharmonic calculation is 77% complete after 330.133 minutes.  2643 of 3432 waves calculated.
Anharmonic calculation is 78% complete after 334.383 minutes.  2677 of 3432 waves calculated.
Anharmonic calculation is 79% complete after 338.75 minutes.  2712 of 3432 waves calculated.
Anharmonic calculation is 80% complete after 342.983 minutes.  2746 of 3432 waves calculated.
Anharmonic calculation is 81% complete after 347.2 minutes.  2780 of 3432 waves calculated.
Anharmonic calculation is 82% complete after 351.55 minutes.  2815 of 3432 waves calculated.
Anharmonic calculation is 83% complete after 355.783 minutes.  2849 of 3432 waves calculated.
Anharmonic calculation is 84% complete after 360.017 minutes.  2883 of 3432 waves calculated.
Anharmonic calculation is 85% complete after 364.35 minutes.  2918 of 3432 waves calculated.
Anharmonic calculation is 86% complete after 368.583 minutes.  2952 of 3432 waves calculated.
Anharmonic calculation is 87% complete after 372.8 minutes.  2986 of 3432 waves calculated.
Anharmonic calculation is 88% complete after 377.133 minutes.  3021 of 3432 waves calculated.
Anharmonic calculation is 89% complete after 381.367 minutes.  3055 of 3432 waves calculated.
Anharmonic calculation is 90% complete after 385.6 minutes.  3089 of 3432 waves calculated.
Anharmonic calculation is 91% complete after 389.95 minutes.  3124 of 3432 waves calculated.
Anharmonic calculation is 92% complete after 394.167 minutes.  3158 of 3432 waves calculated.
Anharmonic calculation is 93% complete after 398.383 minutes.  3192 of 3432 waves calculated.
Anharmonic calculation is 94% complete after 402.733 minutes.  3227 of 3432 waves calculated.
Anharmonic calculation is 95% complete after 406.95 minutes.  3261 of 3432 waves calculated.
Anharmonic calculation is 96% complete after 411.183 minutes.  3295 of 3432 waves calculated.
Anharmonic calculation is 97% complete after 415.517 minutes.  3330 of 3432 waves calculated.
Anharmonic calculation is 98% complete after 419.75 minutes.  3364 of 3432 waves calculated.
Anharmonic calculation is 99% complete after 423.967 minutes.  3398 of 3432 waves calculated.
Anharmonic calculation is 100% complete after 427.8 minutes.  3432 of 3432 waves calculated.

Computing thermal conductivity (iter 1)...


Computing frequency shift and linewidth (iter 2)...

Anharmonic calculation is 1% complete after 4.4 minutes.  35 of 3432 waves calculated.
Anharmonic calculation is 2% complete after 8.68333 minutes.  69 of 3432 waves calculated.
Anharmonic calculation is 3% complete after 12.9667 minutes.  103 of 3432 waves calculated.
Anharmonic calculation is 4% complete after 17.3667 minutes.  138 of 3432 waves calculated.
Anharmonic calculation is 5% complete after 21.65 minutes.  172 of 3432 waves calculated.
Anharmonic calculation is 6% complete after 25.9333 minutes.  206 of 3432 waves calculated.
Anharmonic calculation is 7% complete after 30.3333 minutes.  241 of 3432 waves calculated.
Anharmonic calculation is 8% complete after 34.6167 minutes.  275 of 3432 waves calculated.
Anharmonic calculation is 9% complete after 38.9 minutes.  309 of 3432 waves calculated.
Anharmonic calculation is 10% complete after 43.3167 minutes.  344 of 3432 waves calculated.
Anharmonic calculation is 11% complete after 47.5833 minutes.  378 of 3432 waves calculated.
Anharmonic calculation is 12% complete after 51.8667 minutes.  412 of 3432 waves calculated.
Anharmonic calculation is 13% complete after 56.2667 minutes.  447 of 3432 waves calculated.
Anharmonic calculation is 14% complete after 60.5333 minutes.  481 of 3432 waves calculated.
Anharmonic calculation is 15% complete after 64.8167 minutes.  515 of 3432 waves calculated.
Anharmonic calculation is 16% complete after 69.2333 minutes.  550 of 3432 waves calculated.
Anharmonic calculation is 17% complete after 73.5167 minutes.  584 of 3432 waves calculated.
Anharmonic calculation is 18% complete after 77.8 minutes.  618 of 3432 waves calculated.
Anharmonic calculation is 19% complete after 82.1667 minutes.  653 of 3432 waves calculated.
Anharmonic calculation is 20% complete after 86.4333 minutes.  687 of 3432 waves calculated.
Anharmonic calculation is 21% complete after 90.7 minutes.  721 of 3432 waves calculated.
Anharmonic calculation is 22% complete after 95.0833 minutes.  756 of 3432 waves calculated.
Anharmonic calculation is 23% complete after 99.3333 minutes.  790 of 3432 waves calculated.
Anharmonic calculation is 24% complete after 103.567 minutes.  824 of 3432 waves calculated.
Anharmonic calculation is 25% complete after 107.817 minutes.  858 of 3432 waves calculated.
Anharmonic calculation is 26% complete after 112.15 minutes.  893 of 3432 waves calculated.
Anharmonic calculation is 27% complete after 116.383 minutes.  927 of 3432 waves calculated.
Anharmonic calculation is 28% complete after 120.617 minutes.  961 of 3432 waves calculated.
Anharmonic calculation is 29% complete after 124.967 minutes.  996 of 3432 waves calculated.
Anharmonic calculation is 30% complete after 129.2 minutes.  1030 of 3432 waves calculated.
Anharmonic calculation is 31% complete after 133.433 minutes.  1064 of 3432 waves calculated.
Anharmonic calculation is 32% complete after 137.8 minutes.  1099 of 3432 waves calculated.
Anharmonic calculation is 33% complete after 142.033 minutes.  1133 of 3432 waves calculated.
Anharmonic calculation is 34% complete after 146.25 minutes.  1167 of 3432 waves calculated.
Anharmonic calculation is 35% complete after 150.6 minutes.  1202 of 3432 waves calculated.
Anharmonic calculation is 36% complete after 154.85 minutes.  1236 of 3432 waves calculated.
Anharmonic calculation is 37% complete after 159.067 minutes.  1270 of 3432 waves calculated.
Anharmonic calculation is 38% complete after 163.417 minutes.  1305 of 3432 waves calculated.
Anharmonic calculation is 39% complete after 167.65 minutes.  1339 of 3432 waves calculated.
Anharmonic calculation is 40% complete after 171.883 minutes.  1373 of 3432 waves calculated.
Anharmonic calculation is 41% complete after 176.25 minutes.  1408 of 3432 waves calculated.
Anharmonic calculation is 42% complete after 180.467 minutes.  1442 of 3432 waves calculated.
Anharmonic calculation is 43% complete after 184.7 minutes.  1476 of 3432 waves calculated.
Anharmonic calculation is 44% complete after 189.05 minutes.  1511 of 3432 waves calculated.
Anharmonic calculation is 45% complete after 193.283 minutes.  1545 of 3432 waves calculated.
Anharmonic calculation is 46% complete after 197.5 minutes.  1579 of 3432 waves calculated.
Anharmonic calculation is 47% complete after 201.867 minutes.  1614 of 3432 waves calculated.
Anharmonic calculation is 48% complete after 206.1 minutes.  1648 of 3432 waves calculated.
Anharmonic calculation is 49% complete after 210.317 minutes.  1682 of 3432 waves calculated.
Anharmonic calculation is 50% complete after 214.55 minutes.  1716 of 3432 waves calculated.
Anharmonic calculation is 51% complete after 218.917 minutes.  1751 of 3432 waves calculated.
Anharmonic calculation is 52% complete after 223.15 minutes.  1785 of 3432 waves calculated.
Anharmonic calculation is 53% complete after 227.367 minutes.  1819 of 3432 waves calculated.
Anharmonic calculation is 54% complete after 231.733 minutes.  1854 of 3432 waves calculated.
Anharmonic calculation is 55% complete after 235.967 minutes.  1888 of 3432 waves calculated.
Anharmonic calculation is 56% complete after 240.183 minutes.  1922 of 3432 waves calculated.
Anharmonic calculation is 57% complete after 244.55 minutes.  1957 of 3432 waves calculated.
Anharmonic calculation is 58% complete after 248.783 minutes.  1991 of 3432 waves calculated.
Anharmonic calculation is 59% complete after 253 minutes.  2025 of 3432 waves calculated.
Anharmonic calculation is 60% complete after 257.35 minutes.  2060 of 3432 waves calculated.
Anharmonic calculation is 61% complete after 261.583 minutes.  2094 of 3432 waves calculated.
Anharmonic calculation is 62% complete after 265.817 minutes.  2128 of 3432 waves calculated.
Anharmonic calculation is 63% complete after 270.167 minutes.  2163 of 3432 waves calculated.
Anharmonic calculation is 64% complete after 274.4 minutes.  2197 of 3432 waves calculated.
Anharmonic calculation is 65% complete after 278.633 minutes.  2231 of 3432 waves calculated.
Anharmonic calculation is 66% complete after 282.983 minutes.  2266 of 3432 waves calculated.
Anharmonic calculation is 67% complete after 287.217 minutes.  2300 of 3432 waves calculated.
Anharmonic calculation is 68% complete after 291.45 minutes.  2334 of 3432 waves calculated.
Anharmonic calculation is 69% complete after 295.8 minutes.  2369 of 3432 waves calculated.
Anharmonic calculation is 70% complete after 300.033 minutes.  2403 of 3432 waves calculated.
Anharmonic calculation is 71% complete after 304.25 minutes.  2437 of 3432 waves calculated.
Anharmonic calculation is 72% complete after 308.6 minutes.  2472 of 3432 waves calculated.
Anharmonic calculation is 73% complete after 312.833 minutes.  2506 of 3432 waves calculated.
Anharmonic calculation is 74% complete after 317.067 minutes.  2540 of 3432 waves calculated.
Anharmonic calculation is 75% complete after 321.283 minutes.  2574 of 3432 waves calculated.
Anharmonic calculation is 76% complete after 325.65 minutes.  2609 of 3432 waves calculated.
Anharmonic calculation is 77% complete after 329.883 minutes.  2643 of 3432 waves calculated.
Anharmonic calculation is 78% complete after 334.117 minutes.  2677 of 3432 waves calculated.
Anharmonic calculation is 79% complete after 338.467 minutes.  2712 of 3432 waves calculated.
Anharmonic calculation is 80% complete after 342.683 minutes.  2746 of 3432 waves calculated.
Anharmonic calculation is 81% complete after 346.917 minutes.  2780 of 3432 waves calculated.
Anharmonic calculation is 82% complete after 351.283 minutes.  2815 of 3432 waves calculated.
Anharmonic calculation is 83% complete after 355.5 minutes.  2849 of 3432 waves calculated.
Anharmonic calculation is 84% complete after 359.75 minutes.  2883 of 3432 waves calculated.
Anharmonic calculation is 85% complete after 364.1 minutes.  2918 of 3432 waves calculated.
Anharmonic calculation is 86% complete after 368.333 minutes.  2952 of 3432 waves calculated.
Anharmonic calculation is 87% complete after 372.55 minutes.  2986 of 3432 waves calculated.
Anharmonic calculation is 88% complete after 376.9 minutes.  3021 of 3432 waves calculated.
Anharmonic calculation is 89% complete after 381.133 minutes.  3055 of 3432 waves calculated.
Anharmonic calculation is 90% complete after 385.367 minutes.  3089 of 3432 waves calculated.
Anharmonic calculation is 91% complete after 389.7 minutes.  3124 of 3432 waves calculated.
Anharmonic calculation is 92% complete after 393.933 minutes.  3158 of 3432 waves calculated.
Anharmonic calculation is 93% complete after 398.167 minutes.  3192 of 3432 waves calculated.
Anharmonic calculation is 94% complete after 402.517 minutes.  3227 of 3432 waves calculated.
Anharmonic calculation is 95% complete after 406.733 minutes.  3261 of 3432 waves calculated.
Anharmonic calculation is 96% complete after 410.967 minutes.  3295 of 3432 waves calculated.
Anharmonic calculation is 97% complete after 415.3 minutes.  3330 of 3432 waves calculated.
Anharmonic calculation is 98% complete after 419.533 minutes.  3364 of 3432 waves calculated.
Anharmonic calculation is 99% complete after 423.75 minutes.  3398 of 3432 waves calculated.
Anharmonic calculation is 100% complete after 427.583 minutes.  3432 of 3432 waves calculated.

Computing thermal conductivity (iter 2)...


Computing frequency shift and linewidth (iter 3)...

Anharmonic calculation is 1% complete after 4.41667 minutes.  35 of 3432 waves calculated.
Anharmonic calculation is 2% complete after 8.71667 minutes.  69 of 3432 waves calculated.
Anharmonic calculation is 3% complete after 13 minutes.  103 of 3432 waves calculated.
Anharmonic calculation is 4% complete after 17.4167 minutes.  138 of 3432 waves calculated.
Anharmonic calculation is 5% complete after 21.7167 minutes.  172 of 3432 waves calculated.
Anharmonic calculation is 6% complete after 26.0167 minutes.  206 of 3432 waves calculated.
Anharmonic calculation is 7% complete after 30.4333 minutes.  241 of 3432 waves calculated.
Anharmonic calculation is 8% complete after 34.7 minutes.  275 of 3432 waves calculated.
Anharmonic calculation is 9% complete after 38.9833 minutes.  309 of 3432 waves calculated.
Anharmonic calculation is 10% complete after 43.3667 minutes.  344 of 3432 waves calculated.
Anharmonic calculation is 11% complete after 47.6333 minutes.  378 of 3432 waves calculated.
Anharmonic calculation is 12% complete after 51.9167 minutes.  412 of 3432 waves calculated.
Anharmonic calculation is 13% complete after 56.3167 minutes.  447 of 3432 waves calculated.
Anharmonic calculation is 14% complete after 60.5833 minutes.  481 of 3432 waves calculated.
Anharmonic calculation is 15% complete after 64.8667 minutes.  515 of 3432 waves calculated.
Anharmonic calculation is 16% complete after 69.25 minutes.  550 of 3432 waves calculated.
Anharmonic calculation is 17% complete after 73.5167 minutes.  584 of 3432 waves calculated.
Anharmonic calculation is 18% complete after 77.7833 minutes.  618 of 3432 waves calculated.
Anharmonic calculation is 19% complete after 82.1833 minutes.  653 of 3432 waves calculated.
Anharmonic calculation is 20% complete after 86.45 minutes.  687 of 3432 waves calculated.
Anharmonic calculation is 21% complete after 90.7 minutes.  721 of 3432 waves calculated.
Anharmonic calculation is 22% complete after 95.0833 minutes.  756 of 3432 waves calculated.
Anharmonic calculation is 23% complete after 99.35 minutes.  790 of 3432 waves calculated.
Anharmonic calculation is 24% complete after 103.583 minutes.  824 of 3432 waves calculated.
Anharmonic calculation is 25% complete after 107.8 minutes.  858 of 3432 waves calculated.
Anharmonic calculation is 26% complete after 112.167 minutes.  893 of 3432 waves calculated.
Anharmonic calculation is 27% complete after 116.383 minutes.  927 of 3432 waves calculated.
Anharmonic calculation is 28% complete after 120.633 minutes.  961 of 3432 waves calculated.
Anharmonic calculation is 29% complete after 124.983 minutes.  996 of 3432 waves calculated.
Anharmonic calculation is 30% complete after 129.2 minutes.  1030 of 3432 waves calculated.
Anharmonic calculation is 31% complete after 133.45 minutes.  1064 of 3432 waves calculated.
Anharmonic calculation is 32% complete after 137.8 minutes.  1099 of 3432 waves calculated.
Anharmonic calculation is 33% complete after 142.033 minutes.  1133 of 3432 waves calculated.
Anharmonic calculation is 34% complete after 146.267 minutes.  1167 of 3432 waves calculated.
Anharmonic calculation is 35% complete after 150.617 minutes.  1202 of 3432 waves calculated.
Anharmonic calculation is 36% complete after 154.85 minutes.  1236 of 3432 waves calculated.
Anharmonic calculation is 37% complete after 159.083 minutes.  1270 of 3432 waves calculated.
Anharmonic calculation is 38% complete after 163.433 minutes.  1305 of 3432 waves calculated.
Anharmonic calculation is 39% complete after 167.667 minutes.  1339 of 3432 waves calculated.
Anharmonic calculation is 40% complete after 171.9 minutes.  1373 of 3432 waves calculated.
Anharmonic calculation is 41% complete after 176.25 minutes.  1408 of 3432 waves calculated.
Anharmonic calculation is 42% complete after 180.5 minutes.  1442 of 3432 waves calculated.
Anharmonic calculation is 43% complete after 184.717 minutes.  1476 of 3432 waves calculated.
Anharmonic calculation is 44% complete after 189.083 minutes.  1511 of 3432 waves calculated.
Anharmonic calculation is 45% complete after 193.3 minutes.  1545 of 3432 waves calculated.
Anharmonic calculation is 46% complete after 197.533 minutes.  1579 of 3432 waves calculated.
Anharmonic calculation is 47% complete after 201.883 minutes.  1614 of 3432 waves calculated.
Anharmonic calculation is 48% complete after 206.117 minutes.  1648 of 3432 waves calculated.
Anharmonic calculation is 49% complete after 210.35 minutes.  1682 of 3432 waves calculated.
Anharmonic calculation is 50% complete after 214.567 minutes.  1716 of 3432 waves calculated.
Anharmonic calculation is 51% complete after 218.95 minutes.  1751 of 3432 waves calculated.
Anharmonic calculation is 52% complete after 223.167 minutes.  1785 of 3432 waves calculated.
Anharmonic calculation is 53% complete after 227.4 minutes.  1819 of 3432 waves calculated.
Anharmonic calculation is 54% complete after 231.75 minutes.  1854 of 3432 waves calculated.
Anharmonic calculation is 55% complete after 235.983 minutes.  1888 of 3432 waves calculated.
Anharmonic calculation is 56% complete after 240.217 minutes.  1922 of 3432 waves calculated.
Anharmonic calculation is 57% complete after 244.583 minutes.  1957 of 3432 waves calculated.
Anharmonic calculation is 58% complete after 248.8 minutes.  1991 of 3432 waves calculated.
Anharmonic calculation is 59% complete after 253.033 minutes.  2025 of 3432 waves calculated.
Anharmonic calculation is 60% complete after 257.4 minutes.  2060 of 3432 waves calculated.
Anharmonic calculation is 61% complete after 261.617 minutes.  2094 of 3432 waves calculated.
Anharmonic calculation is 62% complete after 265.85 minutes.  2128 of 3432 waves calculated.
Anharmonic calculation is 63% complete after 270.2 minutes.  2163 of 3432 waves calculated.
Anharmonic calculation is 64% complete after 274.433 minutes.  2197 of 3432 waves calculated.
Anharmonic calculation is 65% complete after 278.667 minutes.  2231 of 3432 waves calculated.
Anharmonic calculation is 66% complete after 283.017 minutes.  2266 of 3432 waves calculated.
Anharmonic calculation is 67% complete after 287.25 minutes.  2300 of 3432 waves calculated.
Anharmonic calculation is 68% complete after 291.483 minutes.  2334 of 3432 waves calculated.
Anharmonic calculation is 69% complete after 295.85 minutes.  2369 of 3432 waves calculated.
Anharmonic calculation is 70% complete after 300.1 minutes.  2403 of 3432 waves calculated.
Anharmonic calculation is 71% complete after 304.317 minutes.  2437 of 3432 waves calculated.
Anharmonic calculation is 72% complete after 308.7 minutes.  2472 of 3432 waves calculated.
Anharmonic calculation is 73% complete after 312.933 minutes.  2506 of 3432 waves calculated.
Anharmonic calculation is 74% complete after 317.15 minutes.  2540 of 3432 waves calculated.
Anharmonic calculation is 75% complete after 321.383 minutes.  2574 of 3432 waves calculated.
Anharmonic calculation is 76% complete after 325.75 minutes.  2609 of 3432 waves calculated.
Anharmonic calculation is 77% complete after 329.983 minutes.  2643 of 3432 waves calculated.
Anharmonic calculation is 78% complete after 334.217 minutes.  2677 of 3432 waves calculated.
Anharmonic calculation is 79% complete after 338.567 minutes.  2712 of 3432 waves calculated.
Anharmonic calculation is 80% complete after 342.783 minutes.  2746 of 3432 waves calculated.
Anharmonic calculation is 81% complete after 347.017 minutes.  2780 of 3432 waves calculated.
Anharmonic calculation is 82% complete after 351.383 minutes.  2815 of 3432 waves calculated.
Anharmonic calculation is 83% complete after 355.617 minutes.  2849 of 3432 waves calculated.
Anharmonic calculation is 84% complete after 359.833 minutes.  2883 of 3432 waves calculated.
Anharmonic calculation is 85% complete after 364.2 minutes.  2918 of 3432 waves calculated.
Anharmonic calculation is 86% complete after 368.433 minutes.  2952 of 3432 waves calculated.
Anharmonic calculation is 87% complete after 372.65 minutes.  2986 of 3432 waves calculated.
Anharmonic calculation is 88% complete after 377.017 minutes.  3021 of 3432 waves calculated.
Anharmonic calculation is 89% complete after 381.25 minutes.  3055 of 3432 waves calculated.
Anharmonic calculation is 90% complete after 385.467 minutes.  3089 of 3432 waves calculated.
Anharmonic calculation is 91% complete after 389.817 minutes.  3124 of 3432 waves calculated.
Anharmonic calculation is 92% complete after 394.05 minutes.  3158 of 3432 waves calculated.
Anharmonic calculation is 93% complete after 398.283 minutes.  3192 of 3432 waves calculated.
Anharmonic calculation is 94% complete after 402.617 minutes.  3227 of 3432 waves calculated.
Anharmonic calculation is 95% complete after 406.85 minutes.  3261 of 3432 waves calculated.
Anharmonic calculation is 96% complete after 411.083 minutes.  3295 of 3432 waves calculated.
Anharmonic calculation is 97% complete after 415.45 minutes.  3330 of 3432 waves calculated.
Anharmonic calculation is 98% complete after 419.683 minutes.  3364 of 3432 waves calculated.
Anharmonic calculation is 99% complete after 423.883 minutes.  3398 of 3432 waves calculated.
Anharmonic calculation is 100% complete after 427.75 minutes.  3432 of 3432 waves calculated.

Computing thermal conductivity (iter 3)...


Computing frequency shift and linewidth (iter 4)...

Anharmonic calculation is 1% complete after 4.4 minutes.  35 of 3432 waves calculated.
Anharmonic calculation is 2% complete after 8.66667 minutes.  69 of 3432 waves calculated.
Anharmonic calculation is 3% complete after 12.95 minutes.  103 of 3432 waves calculated.
Anharmonic calculation is 4% complete after 17.3333 minutes.  138 of 3432 waves calculated.
Anharmonic calculation is 5% complete after 21.5833 minutes.  172 of 3432 waves calculated.
Anharmonic calculation is 6% complete after 25.8667 minutes.  206 of 3432 waves calculated.
Anharmonic calculation is 7% complete after 30.25 minutes.  241 of 3432 waves calculated.
Anharmonic calculation is 8% complete after 34.5167 minutes.  275 of 3432 waves calculated.
Anharmonic calculation is 9% complete after 38.7833 minutes.  309 of 3432 waves calculated.
Anharmonic calculation is 10% complete after 43.1833 minutes.  344 of 3432 waves calculated.
Anharmonic calculation is 11% complete after 47.45 minutes.  378 of 3432 waves calculated.
Anharmonic calculation is 12% complete after 51.7 minutes.  412 of 3432 waves calculated.
Anharmonic calculation is 13% complete after 56.0833 minutes.  447 of 3432 waves calculated.
Anharmonic calculation is 14% complete after 60.3667 minutes.  481 of 3432 waves calculated.
Anharmonic calculation is 15% complete after 64.6167 minutes.  515 of 3432 waves calculated.
Anharmonic calculation is 16% complete after 69.0167 minutes.  550 of 3432 waves calculated.
Anharmonic calculation is 17% complete after 73.3 minutes.  584 of 3432 waves calculated.
Anharmonic calculation is 18% complete after 77.5667 minutes.  618 of 3432 waves calculated.
Anharmonic calculation is 19% complete after 81.95 minutes.  653 of 3432 waves calculated.
Anharmonic calculation is 20% complete after 86.2167 minutes.  687 of 3432 waves calculated.
Anharmonic calculation is 21% complete after 90.4833 minutes.  721 of 3432 waves calculated.
Anharmonic calculation is 22% complete after 94.8667 minutes.  756 of 3432 waves calculated.
Anharmonic calculation is 23% complete after 99.15 minutes.  790 of 3432 waves calculated.
Anharmonic calculation is 24% complete after 103.383 minutes.  824 of 3432 waves calculated.
Anharmonic calculation is 25% complete after 107.617 minutes.  858 of 3432 waves calculated.
Anharmonic calculation is 26% complete after 111.983 minutes.  893 of 3432 waves calculated.
Anharmonic calculation is 27% complete after 116.233 minutes.  927 of 3432 waves calculated.
Anharmonic calculation is 28% complete after 120.467 minutes.  961 of 3432 waves calculated.
Anharmonic calculation is 29% complete after 124.85 minutes.  996 of 3432 waves calculated.
Anharmonic calculation is 30% complete after 129.083 minutes.  1030 of 3432 waves calculated.
Anharmonic calculation is 31% complete after 133.317 minutes.  1064 of 3432 waves calculated.
Anharmonic calculation is 32% complete after 137.683 minutes.  1099 of 3432 waves calculated.
Anharmonic calculation is 33% complete after 141.917 minutes.  1133 of 3432 waves calculated.
Anharmonic calculation is 34% complete after 146.167 minutes.  1167 of 3432 waves calculated.
Anharmonic calculation is 35% complete after 150.533 minutes.  1202 of 3432 waves calculated.
Anharmonic calculation is 36% complete after 154.783 minutes.  1236 of 3432 waves calculated.
Anharmonic calculation is 37% complete after 159.017 minutes.  1270 of 3432 waves calculated.
Anharmonic calculation is 38% complete after 163.383 minutes.  1305 of 3432 waves calculated.
Anharmonic calculation is 39% complete after 167.633 minutes.  1339 of 3432 waves calculated.
Anharmonic calculation is 40% complete after 171.867 minutes.  1373 of 3432 waves calculated.
Anharmonic calculation is 41% complete after 176.233 minutes.  1408 of 3432 waves calculated.
Anharmonic calculation is 42% complete after 180.483 minutes.  1442 of 3432 waves calculated.
Anharmonic calculation is 43% complete after 184.717 minutes.  1476 of 3432 waves calculated.
Anharmonic calculation is 44% complete after 189.083 minutes.  1511 of 3432 waves calculated.
Anharmonic calculation is 45% complete after 193.333 minutes.  1545 of 3432 waves calculated.
Anharmonic calculation is 46% complete after 197.567 minutes.  1579 of 3432 waves calculated.
Anharmonic calculation is 47% complete after 201.917 minutes.  1614 of 3432 waves calculated.
Anharmonic calculation is 48% complete after 206.167 minutes.  1648 of 3432 waves calculated.
Anharmonic calculation is 49% complete after 210.417 minutes.  1682 of 3432 waves calculated.
Anharmonic calculation is 50% complete after 214.65 minutes.  1716 of 3432 waves calculated.
Anharmonic calculation is 51% complete after 219.017 minutes.  1751 of 3432 waves calculated.
Anharmonic calculation is 52% complete after 223.267 minutes.  1785 of 3432 waves calculated.
Anharmonic calculation is 53% complete after 227.517 minutes.  1819 of 3432 waves calculated.
Anharmonic calculation is 54% complete after 231.883 minutes.  1854 of 3432 waves calculated.
Anharmonic calculation is 55% complete after 236.117 minutes.  1888 of 3432 waves calculated.
Anharmonic calculation is 56% complete after 240.367 minutes.  1922 of 3432 waves calculated.
Anharmonic calculation is 57% complete after 244.717 minutes.  1957 of 3432 waves calculated.
Anharmonic calculation is 58% complete after 248.95 minutes.  1991 of 3432 waves calculated.
Anharmonic calculation is 59% complete after 253.2 minutes.  2025 of 3432 waves calculated.
Anharmonic calculation is 60% complete after 257.567 minutes.  2060 of 3432 waves calculated.
Anharmonic calculation is 61% complete after 261.8 minutes.  2094 of 3432 waves calculated.
Anharmonic calculation is 62% complete after 266.033 minutes.  2128 of 3432 waves calculated.
Anharmonic calculation is 63% complete after 270.4 minutes.  2163 of 3432 waves calculated.
Anharmonic calculation is 64% complete after 274.633 minutes.  2197 of 3432 waves calculated.
Anharmonic calculation is 65% complete after 278.883 minutes.  2231 of 3432 waves calculated.
Anharmonic calculation is 66% complete after 283.25 minutes.  2266 of 3432 waves calculated.
Anharmonic calculation is 67% complete after 287.5 minutes.  2300 of 3432 waves calculated.
Anharmonic calculation is 68% complete after 291.733 minutes.  2334 of 3432 waves calculated.
Anharmonic calculation is 69% complete after 296.1 minutes.  2369 of 3432 waves calculated.
Anharmonic calculation is 70% complete after 300.317 minutes.  2403 of 3432 waves calculated.
Anharmonic calculation is 71% complete after 304.55 minutes.  2437 of 3432 waves calculated.
Anharmonic calculation is 72% complete after 308.917 minutes.  2472 of 3432 waves calculated.
Anharmonic calculation is 73% complete after 313.167 minutes.  2506 of 3432 waves calculated.
Anharmonic calculation is 74% complete after 317.417 minutes.  2540 of 3432 waves calculated.
Anharmonic calculation is 75% complete after 321.633 minutes.  2574 of 3432 waves calculated.
Anharmonic calculation is 76% complete after 326 minutes.  2609 of 3432 waves calculated.
Anharmonic calculation is 77% complete after 330.233 minutes.  2643 of 3432 waves calculated.
Anharmonic calculation is 78% complete after 334.467 minutes.  2677 of 3432 waves calculated.
Anharmonic calculation is 79% complete after 338.817 minutes.  2712 of 3432 waves calculated.
Anharmonic calculation is 80% complete after 343.05 minutes.  2746 of 3432 waves calculated.
Anharmonic calculation is 81% complete after 347.283 minutes.  2780 of 3432 waves calculated.
Anharmonic calculation is 82% complete after 351.65 minutes.  2815 of 3432 waves calculated.
Anharmonic calculation is 83% complete after 355.867 minutes.  2849 of 3432 waves calculated.
Anharmonic calculation is 84% complete after 360.1 minutes.  2883 of 3432 waves calculated.
Anharmonic calculation is 85% complete after 364.467 minutes.  2918 of 3432 waves calculated.
Anharmonic calculation is 86% complete after 368.717 minutes.  2952 of 3432 waves calculated.
Anharmonic calculation is 87% complete after 372.95 minutes.  2986 of 3432 waves calculated.
Anharmonic calculation is 88% complete after 377.283 minutes.  3021 of 3432 waves calculated.
Anharmonic calculation is 89% complete after 381.517 minutes.  3055 of 3432 waves calculated.
Anharmonic calculation is 90% complete after 385.767 minutes.  3089 of 3432 waves calculated.
Anharmonic calculation is 91% complete after 390.1 minutes.  3124 of 3432 waves calculated.
Anharmonic calculation is 92% complete after 394.333 minutes.  3158 of 3432 waves calculated.
Anharmonic calculation is 93% complete after 398.567 minutes.  3192 of 3432 waves calculated.
Anharmonic calculation is 94% complete after 402.9 minutes.  3227 of 3432 waves calculated.
Anharmonic calculation is 95% complete after 407.15 minutes.  3261 of 3432 waves calculated.
Anharmonic calculation is 96% complete after 411.383 minutes.  3295 of 3432 waves calculated.
Anharmonic calculation is 97% complete after 415.733 minutes.  3330 of 3432 waves calculated.
Anharmonic calculation is 98% complete after 419.967 minutes.  3364 of 3432 waves calculated.
Anharmonic calculation is 99% complete after 424.183 minutes.  3398 of 3432 waves calculated.
Anharmonic calculation is 100% complete after 428.033 minutes.  3432 of 3432 waves calculated.

Computing thermal conductivity (iter 4)...


Computing frequency shift and linewidth (iter 5)...

Anharmonic calculation is 1% complete after 4.41667 minutes.  35 of 3432 waves calculated.
Anharmonic calculation is 2% complete after 8.7 minutes.  69 of 3432 waves calculated.
Anharmonic calculation is 3% complete after 12.9667 minutes.  103 of 3432 waves calculated.
Anharmonic calculation is 4% complete after 17.3833 minutes.  138 of 3432 waves calculated.
Anharmonic calculation is 5% complete after 21.6667 minutes.  172 of 3432 waves calculated.
Anharmonic calculation is 6% complete after 25.9333 minutes.  206 of 3432 waves calculated.
Anharmonic calculation is 7% complete after 30.3333 minutes.  241 of 3432 waves calculated.
Anharmonic calculation is 8% complete after 34.6333 minutes.  275 of 3432 waves calculated.
Anharmonic calculation is 9% complete after 38.9 minutes.  309 of 3432 waves calculated.
Anharmonic calculation is 10% complete after 43.3 minutes.  344 of 3432 waves calculated.
Anharmonic calculation is 11% complete after 47.5833 minutes.  378 of 3432 waves calculated.
Anharmonic calculation is 12% complete after 51.85 minutes.  412 of 3432 waves calculated.
Anharmonic calculation is 13% complete after 56.25 minutes.  447 of 3432 waves calculated.
Anharmonic calculation is 14% complete after 60.5333 minutes.  481 of 3432 waves calculated.
Anharmonic calculation is 15% complete after 64.8 minutes.  515 of 3432 waves calculated.
Anharmonic calculation is 16% complete after 69.1833 minutes.  550 of 3432 waves calculated.
Anharmonic calculation is 17% complete after 73.45 minutes.  584 of 3432 waves calculated.
Anharmonic calculation is 18% complete after 77.7333 minutes.  618 of 3432 waves calculated.
Anharmonic calculation is 19% complete after 82.1333 minutes.  653 of 3432 waves calculated.
Anharmonic calculation is 20% complete after 86.3833 minutes.  687 of 3432 waves calculated.
Anharmonic calculation is 21% complete after 90.65 minutes.  721 of 3432 waves calculated.
Anharmonic calculation is 22% complete after 95.0333 minutes.  756 of 3432 waves calculated.
Anharmonic calculation is 23% complete after 99.2833 minutes.  790 of 3432 waves calculated.
Anharmonic calculation is 24% complete after 103.5 minutes.  824 of 3432 waves calculated.
Anharmonic calculation is 25% complete after 107.733 minutes.  858 of 3432 waves calculated.
Anharmonic calculation is 26% complete after 112.067 minutes.  893 of 3432 waves calculated.
Anharmonic calculation is 27% complete after 116.283 minutes.  927 of 3432 waves calculated.
Anharmonic calculation is 28% complete after 120.517 minutes.  961 of 3432 waves calculated.
Anharmonic calculation is 29% complete after 124.883 minutes.  996 of 3432 waves calculated.
Anharmonic calculation is 30% complete after 129.1 minutes.  1030 of 3432 waves calculated.
Anharmonic calculation is 31% complete after 133.317 minutes.  1064 of 3432 waves calculated.
Anharmonic calculation is 32% complete after 137.683 minutes.  1099 of 3432 waves calculated.
Anharmonic calculation is 33% complete after 141.9 minutes.  1133 of 3432 waves calculated.
Anharmonic calculation is 34% complete after 146.133 minutes.  1167 of 3432 waves calculated.
Anharmonic calculation is 35% complete after 150.483 minutes.  1202 of 3432 waves calculated.
Anharmonic calculation is 36% complete after 154.7 minutes.  1236 of 3432 waves calculated.
Anharmonic calculation is 37% complete after 158.933 minutes.  1270 of 3432 waves calculated.
Anharmonic calculation is 38% complete after 163.283 minutes.  1305 of 3432 waves calculated.
Anharmonic calculation is 39% complete after 167.5 minutes.  1339 of 3432 waves calculated.
Anharmonic calculation is 40% complete after 171.733 minutes.  1373 of 3432 waves calculated.
Anharmonic calculation is 41% complete after 176.083 minutes.  1408 of 3432 waves calculated.
Anharmonic calculation is 42% complete after 180.317 minutes.  1442 of 3432 waves calculated.
Anharmonic calculation is 43% complete after 184.517 minutes.  1476 of 3432 waves calculated.
Anharmonic calculation is 44% complete after 188.867 minutes.  1511 of 3432 waves calculated.
Anharmonic calculation is 45% complete after 193.1 minutes.  1545 of 3432 waves calculated.
Anharmonic calculation is 46% complete after 197.317 minutes.  1579 of 3432 waves calculated.
Anharmonic calculation is 47% complete after 201.667 minutes.  1614 of 3432 waves calculated.
Anharmonic calculation is 48% complete after 205.9 minutes.  1648 of 3432 waves calculated.
Anharmonic calculation is 49% complete after 210.133 minutes.  1682 of 3432 waves calculated.
Anharmonic calculation is 50% complete after 214.333 minutes.  1716 of 3432 waves calculated.
Anharmonic calculation is 51% complete after 218.7 minutes.  1751 of 3432 waves calculated.
Anharmonic calculation is 52% complete after 222.933 minutes.  1785 of 3432 waves calculated.
Anharmonic calculation is 53% complete after 227.133 minutes.  1819 of 3432 waves calculated.
Anharmonic calculation is 54% complete after 231.5 minutes.  1854 of 3432 waves calculated.
Anharmonic calculation is 55% complete after 235.717 minutes.  1888 of 3432 waves calculated.
Anharmonic calculation is 56% complete after 239.933 minutes.  1922 of 3432 waves calculated.
Anharmonic calculation is 57% complete after 244.283 minutes.  1957 of 3432 waves calculated.
Anharmonic calculation is 58% complete after 248.517 minutes.  1991 of 3432 waves calculated.
Anharmonic calculation is 59% complete after 252.733 minutes.  2025 of 3432 waves calculated.
Anharmonic calculation is 60% complete after 257.083 minutes.  2060 of 3432 waves calculated.
Anharmonic calculation is 61% complete after 261.3 minutes.  2094 of 3432 waves calculated.
Anharmonic calculation is 62% complete after 265.517 minutes.  2128 of 3432 waves calculated.
Anharmonic calculation is 63% complete after 269.867 minutes.  2163 of 3432 waves calculated.
Anharmonic calculation is 64% complete after 274.1 minutes.  2197 of 3432 waves calculated.
Anharmonic calculation is 65% complete after 278.317 minutes.  2231 of 3432 waves calculated.
Anharmonic calculation is 66% complete after 282.683 minutes.  2266 of 3432 waves calculated.
Anharmonic calculation is 67% complete after 286.9 minutes.  2300 of 3432 waves calculated.
Anharmonic calculation is 68% complete after 291.117 minutes.  2334 of 3432 waves calculated.
Anharmonic calculation is 69% complete after 295.467 minutes.  2369 of 3432 waves calculated.
Anharmonic calculation is 70% complete after 299.683 minutes.  2403 of 3432 waves calculated.
Anharmonic calculation is 71% complete after 303.9 minutes.  2437 of 3432 waves calculated.
Anharmonic calculation is 72% complete after 308.25 minutes.  2472 of 3432 waves calculated.
Anharmonic calculation is 73% complete after 312.467 minutes.  2506 of 3432 waves calculated.
Anharmonic calculation is 74% complete after 316.7 minutes.  2540 of 3432 waves calculated.
Anharmonic calculation is 75% complete after 320.917 minutes.  2574 of 3432 waves calculated.
Anharmonic calculation is 76% complete after 325.267 minutes.  2609 of 3432 waves calculated.
Anharmonic calculation is 77% complete after 329.483 minutes.  2643 of 3432 waves calculated.
Anharmonic calculation is 78% complete after 333.717 minutes.  2677 of 3432 waves calculated.
Anharmonic calculation is 79% complete after 338.067 minutes.  2712 of 3432 waves calculated.
Anharmonic calculation is 80% complete after 342.283 minutes.  2746 of 3432 waves calculated.
Anharmonic calculation is 81% complete after 346.5 minutes.  2780 of 3432 waves calculated.
Anharmonic calculation is 82% complete after 350.85 minutes.  2815 of 3432 waves calculated.
Anharmonic calculation is 83% complete after 355.083 minutes.  2849 of 3432 waves calculated.
Anharmonic calculation is 84% complete after 359.3 minutes.  2883 of 3432 waves calculated.
Anharmonic calculation is 85% complete after 363.65 minutes.  2918 of 3432 waves calculated.
Anharmonic calculation is 86% complete after 367.883 minutes.  2952 of 3432 waves calculated.
Anharmonic calculation is 87% complete after 372.1 minutes.  2986 of 3432 waves calculated.
Anharmonic calculation is 88% complete after 376.45 minutes.  3021 of 3432 waves calculated.
Anharmonic calculation is 89% complete after 380.667 minutes.  3055 of 3432 waves calculated.
Anharmonic calculation is 90% complete after 384.883 minutes.  3089 of 3432 waves calculated.
Anharmonic calculation is 91% complete after 389.233 minutes.  3124 of 3432 waves calculated.
Anharmonic calculation is 92% complete after 393.45 minutes.  3158 of 3432 waves calculated.
Anharmonic calculation is 93% complete after 397.667 minutes.  3192 of 3432 waves calculated.
Anharmonic calculation is 94% complete after 402 minutes.  3227 of 3432 waves calculated.
Anharmonic calculation is 95% complete after 406.217 minutes.  3261 of 3432 waves calculated.
Anharmonic calculation is 96% complete after 410.433 minutes.  3295 of 3432 waves calculated.
Anharmonic calculation is 97% complete after 414.767 minutes.  3330 of 3432 waves calculated.
Anharmonic calculation is 98% complete after 418.983 minutes.  3364 of 3432 waves calculated.
Anharmonic calculation is 99% complete after 423.217 minutes.  3398 of 3432 waves calculated.
Anharmonic calculation is 100% complete after 427.033 minutes.  3432 of 3432 waves calculated.

Computing thermal conductivity (iter 5)...


Computing thermal conductivity (iter 5)...



Printing Data Along Specified Direction and/or For Full BZ

# PE = 1
Total Run Time = 1 d  11 h  38 m  37 s.
