INITIALIZED AND RUNNING './LDCode'.


Parsing File 'LD_Input.txt' For Input Data...


Done reading input file.  Outputing stored data to log file for error checking...

VARIABLES
  $eV_J = 1.60218e-19
  $a = 5.43e-10
  $Si_mass = 4.66428e-26
  $Si_epsilon = 3.47393e-19
  $Si_sigma = 2.0951e-10

LATTICE = 3
  a1 = 2.715e-10 2.715e-10 0
  a2 = 0 2.715e-10 2.715e-10
  a3 = 2.715e-10 0 2.715e-10
  BC1 = 0
  BC2 = 0
  BC3 = 0
  N1  = 11
  N2  = 11
  N3  = 11
  Volume = 4.00258e-29
  b1 = 1.84162e+09 1.84162e+09 -1.84162e+09
  b2 = -1.84162e+09 1.84162e+09 1.84162e+09
  b3 = 1.84162e+09 -1.84162e+09 1.84162e+09

MATERIAL = 1
  Si = 4.66428e-26

UNIT_CELL = 2
  Si  0 0 0
  Si  1.3575e-10 1.3575e-10 1.3575e-10

SYMMETRY = 1
  wave_vector = false

PREPROCESS = true
  optimization = 0
  structure    = false

DISPERSION = 100
  Begin = 0 0 0
  End = 1.84162e+09 0 0

HARMONIC = true

ANHARMONIC = 10
  continue     = 0
  temperature  = 300
  fs_guess     = -0.0015
  lw_guess     = 0.001

POSTPROCESS = true
  TC_beg   = 3
  TC_end   = 10
  data_itr = 10
  data_beg = 0 0 0
  data_inc = 0 0 1
  data_num = 10
  data_fBZ = no_symmetry

POTENTIAL SW2 1 Si
  epsilon = 3.47393e-19 J
  sigma   = 2.0951e-10 m
  a       = 1.8  
  A       = 7.04956  
  B       = 0.602225  
  p       = 4  
  q       = 0

POTENTIAL SW3 1 Si
  epsilon = 3.47393e-19 J  %for Si at center
  sigma   = 2.0951e-10 m
  a       = 1.8  
  gamma   = 1.2 
  lambda  = 21  %for Si at center


Computing Energies and Forces...

Energy and forces on atom 0 = -8.3804e-10 J, 0 0 0
Energy and forces on atom 1 = -8.3804e-10 J, 0 0 0


Computing Harmonic Force Constants...

Harmonic force constants for atom 0: N1, N2 = 1, 16
Harmonic force constants for atom 1: N1, N2 = 1, 16


Begining Dispersion Relation Calculation.

Dispersion is 1% complete. k* = < 0.005 0 0.005 >, |k*| = 0.00707107
Dispersion is 2% complete. k* = < 0.01 0 0.01 >, |k*| = 0.0141421
Dispersion is 3% complete. k* = < 0.015 0 0.015 >, |k*| = 0.0212132
Dispersion is 4% complete. k* = < 0.02 0 0.02 >, |k*| = 0.0282843
Dispersion is 5% complete. k* = < 0.025 0 0.025 >, |k*| = 0.0353553
Dispersion is 6% complete. k* = < 0.03 0 0.03 >, |k*| = 0.0424264
Dispersion is 7% complete. k* = < 0.035 0 0.035 >, |k*| = 0.0494975
Dispersion is 8% complete. k* = < 0.04 0 0.04 >, |k*| = 0.0565685
Dispersion is 9% complete. k* = < 0.045 0 0.045 >, |k*| = 0.0636396
Dispersion is 10% complete. k* = < 0.05 0 0.05 >, |k*| = 0.0707107
Dispersion is 11% complete. k* = < 0.055 0 0.055 >, |k*| = 0.0777817
Dispersion is 12% complete. k* = < 0.06 0 0.06 >, |k*| = 0.0848528
Dispersion is 13% complete. k* = < 0.065 0 0.065 >, |k*| = 0.0919239
Dispersion is 14% complete. k* = < 0.07 0 0.07 >, |k*| = 0.0989949
Dispersion is 15% complete. k* = < 0.075 0 0.075 >, |k*| = 0.106066
Dispersion is 16% complete. k* = < 0.08 0 0.08 >, |k*| = 0.113137
Dispersion is 17% complete. k* = < 0.085 0 0.085 >, |k*| = 0.120208
Dispersion is 18% complete. k* = < 0.09 0 0.09 >, |k*| = 0.127279
Dispersion is 19% complete. k* = < 0.095 0 0.095 >, |k*| = 0.13435
Dispersion is 20% complete. k* = < 0.1 0 0.1 >, |k*| = 0.141421
Dispersion is 21% complete. k* = < 0.105 0 0.105 >, |k*| = 0.148492
Dispersion is 22% complete. k* = < 0.11 0 0.11 >, |k*| = 0.155563
Dispersion is 23% complete. k* = < 0.115 0 0.115 >, |k*| = 0.162635
Dispersion is 24% complete. k* = < 0.12 0 0.12 >, |k*| = 0.169706
Dispersion is 25% complete. k* = < 0.125 0 0.125 >, |k*| = 0.176777
Dispersion is 26% complete. k* = < 0.13 0 0.13 >, |k*| = 0.183848
Dispersion is 27% complete. k* = < 0.135 0 0.135 >, |k*| = 0.190919
Dispersion is 28% complete. k* = < 0.14 0 0.14 >, |k*| = 0.19799
Dispersion is 28% complete. k* = < 0.145 0 0.145 >, |k*| = 0.205061
Dispersion is 30% complete. k* = < 0.15 0 0.15 >, |k*| = 0.212132
Dispersion is 31% complete. k* = < 0.155 0 0.155 >, |k*| = 0.219203
Dispersion is 32% complete. k* = < 0.16 0 0.16 >, |k*| = 0.226274
Dispersion is 33% complete. k* = < 0.165 0 0.165 >, |k*| = 0.233345
Dispersion is 34% complete. k* = < 0.17 0 0.17 >, |k*| = 0.240416
Dispersion is 35% complete. k* = < 0.175 0 0.175 >, |k*| = 0.247487
Dispersion is 36% complete. k* = < 0.18 0 0.18 >, |k*| = 0.254558
Dispersion is 37% complete. k* = < 0.185 0 0.185 >, |k*| = 0.261629
Dispersion is 38% complete. k* = < 0.19 0 0.19 >, |k*| = 0.2687
Dispersion is 39% complete. k* = < 0.195 0 0.195 >, |k*| = 0.275772
Dispersion is 40% complete. k* = < 0.2 0 0.2 >, |k*| = 0.282843
Dispersion is 41% complete. k* = < 0.205 0 0.205 >, |k*| = 0.289914
Dispersion is 42% complete. k* = < 0.21 0 0.21 >, |k*| = 0.296985
Dispersion is 43% complete. k* = < 0.215 0 0.215 >, |k*| = 0.304056
Dispersion is 44% complete. k* = < 0.22 0 0.22 >, |k*| = 0.311127
Dispersion is 45% complete. k* = < 0.225 0 0.225 >, |k*| = 0.318198
Dispersion is 46% complete. k* = < 0.23 0 0.23 >, |k*| = 0.325269
Dispersion is 47% complete. k* = < 0.235 0 0.235 >, |k*| = 0.33234
Dispersion is 48% complete. k* = < 0.24 0 0.24 >, |k*| = 0.339411
Dispersion is 49% complete. k* = < 0.245 0 0.245 >, |k*| = 0.346482
Dispersion is 50% complete. k* = < 0.25 0 0.25 >, |k*| = 0.353553
Dispersion is 51% complete. k* = < 0.255 0 0.255 >, |k*| = 0.360624
Dispersion is 52% complete. k* = < 0.26 0 0.26 >, |k*| = 0.367695
Dispersion is 53% complete. k* = < 0.265 0 0.265 >, |k*| = 0.374766
Dispersion is 54% complete. k* = < 0.27 0 0.27 >, |k*| = 0.381838
Dispersion is 55% complete. k* = < 0.275 0 0.275 >, |k*| = 0.388909
Dispersion is 56% complete. k* = < 0.28 0 0.28 >, |k*| = 0.39598
Dispersion is 56% complete. k* = < 0.285 0 0.285 >, |k*| = 0.403051
Dispersion is 57% complete. k* = < 0.29 0 0.29 >, |k*| = 0.410122
Dispersion is 59% complete. k* = < 0.295 0 0.295 >, |k*| = 0.417193
Dispersion is 60% complete. k* = < 0.3 0 0.3 >, |k*| = 0.424264
Dispersion is 61% complete. k* = < 0.305 0 0.305 >, |k*| = 0.431335
Dispersion is 62% complete. k* = < 0.31 0 0.31 >, |k*| = 0.438406
Dispersion is 63% complete. k* = < 0.315 0 0.315 >, |k*| = 0.445477
Dispersion is 64% complete. k* = < 0.32 0 0.32 >, |k*| = 0.452548
Dispersion is 65% complete. k* = < 0.325 0 0.325 >, |k*| = 0.459619
Dispersion is 66% complete. k* = < 0.33 0 0.33 >, |k*| = 0.46669
Dispersion is 67% complete. k* = < 0.335 0 0.335 >, |k*| = 0.473761
Dispersion is 68% complete. k* = < 0.34 0 0.34 >, |k*| = 0.480832
Dispersion is 69% complete. k* = < 0.345 0 0.345 >, |k*| = 0.487904
Dispersion is 70% complete. k* = < 0.35 0 0.35 >, |k*| = 0.494975
Dispersion is 71% complete. k* = < 0.355 0 0.355 >, |k*| = 0.502046
Dispersion is 72% complete. k* = < 0.36 0 0.36 >, |k*| = 0.509117
Dispersion is 73% complete. k* = < 0.365 0 0.365 >, |k*| = 0.516188
Dispersion is 74% complete. k* = < 0.37 0 0.37 >, |k*| = 0.523259
Dispersion is 75% complete. k* = < 0.375 0 0.375 >, |k*| = 0.53033
Dispersion is 76% complete. k* = < 0.38 0 0.38 >, |k*| = 0.537401
Dispersion is 77% complete. k* = < 0.385 0 0.385 >, |k*| = 0.544472
Dispersion is 78% complete. k* = < 0.39 0 0.39 >, |k*| = 0.551543
Dispersion is 79% complete. k* = < 0.395 0 0.395 >, |k*| = 0.558614
Dispersion is 80% complete. k* = < 0.4 0 0.4 >, |k*| = 0.565685
Dispersion is 81% complete. k* = < 0.405 0 0.405 >, |k*| = 0.572756
Dispersion is 82% complete. k* = < 0.41 0 0.41 >, |k*| = 0.579827
Dispersion is 83% complete. k* = < 0.415 0 0.415 >, |k*| = 0.586898
Dispersion is 84% complete. k* = < 0.42 0 0.42 >, |k*| = 0.593969
Dispersion is 85% complete. k* = < 0.425 0 0.425 >, |k*| = 0.601041
Dispersion is 86% complete. k* = < 0.43 0 0.43 >, |k*| = 0.608112
Dispersion is 87% complete. k* = < 0.435 0 0.435 >, |k*| = 0.615183
Dispersion is 88% complete. k* = < 0.44 0 0.44 >, |k*| = 0.622254
Dispersion is 89% complete. k* = < 0.445 0 0.445 >, |k*| = 0.629325
Dispersion is 90% complete. k* = < 0.45 0 0.45 >, |k*| = 0.636396
Dispersion is 91% complete. k* = < 0.455 0 0.455 >, |k*| = 0.643467
Dispersion is 92% complete. k* = < 0.46 0 0.46 >, |k*| = 0.650538
Dispersion is 93% complete. k* = < 0.465 0 0.465 >, |k*| = 0.657609
Dispersion is 94% complete. k* = < 0.47 0 0.47 >, |k*| = 0.66468
Dispersion is 95% complete. k* = < 0.475 0 0.475 >, |k*| = 0.671751
Dispersion is 96% complete. k* = < 0.48 0 0.48 >, |k*| = 0.678822
Dispersion is 97% complete. k* = < 0.485 0 0.485 >, |k*| = 0.685893
Dispersion is 98% complete. k* = < 0.49 0 0.49 >, |k*| = 0.692964
Dispersion is 99% complete. k* = < 0.495 0 0.495 >, |k*| = 0.700035
Dispersion is 100% complete. k* = < 0.5 0 0.5 >, |k*| = 0.707107


Beginning Density of States and Velocity Calculation. (Using 50 bins)

DOS Calculation is 1 % Complete.  42 of 3996 waves calculated.
DOS Calculation is 2 % Complete.  84 of 3996 waves calculated.
DOS Calculation is 3 % Complete.  120 of 3996 waves calculated.
DOS Calculation is 4 % Complete.  162 of 3996 waves calculated.
DOS Calculation is 5 % Complete.  204 of 3996 waves calculated.
DOS Calculation is 6 % Complete.  240 of 3996 waves calculated.
DOS Calculation is 7 % Complete.  282 of 3996 waves calculated.
DOS Calculation is 8 % Complete.  324 of 3996 waves calculated.
DOS Calculation is 9 % Complete.  360 of 3996 waves calculated.
DOS Calculation is 10 % Complete.  402 of 3996 waves calculated.
DOS Calculation is 11 % Complete.  444 of 3996 waves calculated.
DOS Calculation is 12 % Complete.  480 of 3996 waves calculated.
DOS Calculation is 13 % Complete.  522 of 3996 waves calculated.
DOS Calculation is 14 % Complete.  564 of 3996 waves calculated.
DOS Calculation is 15 % Complete.  600 of 3996 waves calculated.
DOS Calculation is 16 % Complete.  642 of 3996 waves calculated.
DOS Calculation is 17 % Complete.  684 of 3996 waves calculated.
DOS Calculation is 18 % Complete.  720 of 3996 waves calculated.
DOS Calculation is 19 % Complete.  762 of 3996 waves calculated.
DOS Calculation is 20 % Complete.  804 of 3996 waves calculated.
DOS Calculation is 21 % Complete.  840 of 3996 waves calculated.
DOS Calculation is 22 % Complete.  882 of 3996 waves calculated.
DOS Calculation is 23 % Complete.  924 of 3996 waves calculated.
DOS Calculation is 24 % Complete.  960 of 3996 waves calculated.
DOS Calculation is 25 % Complete.  1002 of 3996 waves calculated.
DOS Calculation is 26 % Complete.  1044 of 3996 waves calculated.
DOS Calculation is 27 % Complete.  1080 of 3996 waves calculated.
DOS Calculation is 28 % Complete.  1122 of 3996 waves calculated.
DOS Calculation is 29 % Complete.  1164 of 3996 waves calculated.
DOS Calculation is 30 % Complete.  1200 of 3996 waves calculated.
DOS Calculation is 31 % Complete.  1242 of 3996 waves calculated.
DOS Calculation is 32 % Complete.  1284 of 3996 waves calculated.
DOS Calculation is 33 % Complete.  1320 of 3996 waves calculated.
DOS Calculation is 34 % Complete.  1362 of 3996 waves calculated.
DOS Calculation is 35 % Complete.  1404 of 3996 waves calculated.
DOS Calculation is 36 % Complete.  1440 of 3996 waves calculated.
DOS Calculation is 37 % Complete.  1482 of 3996 waves calculated.
DOS Calculation is 38 % Complete.  1524 of 3996 waves calculated.
DOS Calculation is 39 % Complete.  1560 of 3996 waves calculated.
DOS Calculation is 40 % Complete.  1602 of 3996 waves calculated.
DOS Calculation is 41 % Complete.  1644 of 3996 waves calculated.
DOS Calculation is 42 % Complete.  1680 of 3996 waves calculated.
DOS Calculation is 43 % Complete.  1722 of 3996 waves calculated.
DOS Calculation is 44 % Complete.  1764 of 3996 waves calculated.
DOS Calculation is 45 % Complete.  1800 of 3996 waves calculated.
DOS Calculation is 46 % Complete.  1842 of 3996 waves calculated.
DOS Calculation is 47 % Complete.  1884 of 3996 waves calculated.
DOS Calculation is 48 % Complete.  1920 of 3996 waves calculated.
DOS Calculation is 49 % Complete.  1962 of 3996 waves calculated.
DOS Calculation is 50 % Complete.  1998 of 3996 waves calculated.
DOS Calculation is 51 % Complete.  2040 of 3996 waves calculated.
DOS Calculation is 52 % Complete.  2082 of 3996 waves calculated.
DOS Calculation is 53 % Complete.  2118 of 3996 waves calculated.
DOS Calculation is 54 % Complete.  2160 of 3996 waves calculated.
DOS Calculation is 55 % Complete.  2202 of 3996 waves calculated.
DOS Calculation is 56 % Complete.  2238 of 3996 waves calculated.
DOS Calculation is 57 % Complete.  2280 of 3996 waves calculated.
DOS Calculation is 58 % Complete.  2322 of 3996 waves calculated.
DOS Calculation is 59 % Complete.  2358 of 3996 waves calculated.
DOS Calculation is 60 % Complete.  2400 of 3996 waves calculated.
DOS Calculation is 61 % Complete.  2442 of 3996 waves calculated.
DOS Calculation is 62 % Complete.  2478 of 3996 waves calculated.
DOS Calculation is 63 % Complete.  2520 of 3996 waves calculated.
DOS Calculation is 64 % Complete.  2562 of 3996 waves calculated.
DOS Calculation is 65 % Complete.  2598 of 3996 waves calculated.
DOS Calculation is 66 % Complete.  2640 of 3996 waves calculated.
DOS Calculation is 67 % Complete.  2682 of 3996 waves calculated.
DOS Calculation is 68 % Complete.  2718 of 3996 waves calculated.
DOS Calculation is 69 % Complete.  2760 of 3996 waves calculated.
DOS Calculation is 70 % Complete.  2802 of 3996 waves calculated.
DOS Calculation is 71 % Complete.  2838 of 3996 waves calculated.
DOS Calculation is 72 % Complete.  2880 of 3996 waves calculated.
DOS Calculation is 73 % Complete.  2922 of 3996 waves calculated.
DOS Calculation is 74 % Complete.  2958 of 3996 waves calculated.
DOS Calculation is 75 % Complete.  3000 of 3996 waves calculated.
DOS Calculation is 76 % Complete.  3042 of 3996 waves calculated.
DOS Calculation is 77 % Complete.  3078 of 3996 waves calculated.
DOS Calculation is 78 % Complete.  3120 of 3996 waves calculated.
DOS Calculation is 79 % Complete.  3162 of 3996 waves calculated.
DOS Calculation is 80 % Complete.  3198 of 3996 waves calculated.
DOS Calculation is 81 % Complete.  3240 of 3996 waves calculated.
DOS Calculation is 82 % Complete.  3282 of 3996 waves calculated.
DOS Calculation is 83 % Complete.  3318 of 3996 waves calculated.
DOS Calculation is 84 % Complete.  3360 of 3996 waves calculated.
DOS Calculation is 85 % Complete.  3402 of 3996 waves calculated.
DOS Calculation is 86 % Complete.  3438 of 3996 waves calculated.
DOS Calculation is 87 % Complete.  3480 of 3996 waves calculated.
DOS Calculation is 88 % Complete.  3522 of 3996 waves calculated.
DOS Calculation is 89 % Complete.  3558 of 3996 waves calculated.
DOS Calculation is 90 % Complete.  3600 of 3996 waves calculated.
DOS Calculation is 91 % Complete.  3642 of 3996 waves calculated.
DOS Calculation is 92 % Complete.  3678 of 3996 waves calculated.
DOS Calculation is 93 % Complete.  3720 of 3996 waves calculated.
DOS Calculation is 94 % Complete.  3762 of 3996 waves calculated.
DOS Calculation is 95 % Complete.  3798 of 3996 waves calculated.
DOS Calculation is 96 % Complete.  3840 of 3996 waves calculated.
DOS Calculation is 97 % Complete.  3882 of 3996 waves calculated.
DOS Calculation is 98 % Complete.  3918 of 3996 waves calculated.
DOS Calculation is 99 % Complete.  3960 of 3996 waves calculated.
DOS Calculation is 100 % Complete.  3996 of 3996 waves calculated.


Computing Anharmonic Force Constants...

Anharmonic force constants for atom 0: N1, N2, N3, N4 = 1, 16, 18, 0
Anharmonic force constants for atom 1: N1, N2, N3, N4 = 1, 16, 18, 0

Building Files of Initial Guesses...
  For quantum system from harmonic frequencies.
  For classical system from harmonic frequencies.


Computing frequency shift and linewidth (iter 1)...

Anharmonic calculation is 1% complete after 0.383333 minutes.  40 of 3996 waves calculated.
Anharmonic calculation is 2% complete after 0.766667 minutes.  80 of 3996 waves calculated.
Anharmonic calculation is 3% complete after 1.15 minutes.  120 of 3996 waves calculated.
Anharmonic calculation is 4% complete after 1.51667 minutes.  160 of 3996 waves calculated.
Anharmonic calculation is 5% complete after 1.9 minutes.  200 of 3996 waves calculated.
Anharmonic calculation is 6% complete after 2.28333 minutes.  240 of 3996 waves calculated.
Anharmonic calculation is 7% complete after 2.66667 minutes.  280 of 3996 waves calculated.
Anharmonic calculation is 8% complete after 3.03333 minutes.  320 of 3996 waves calculated.
Anharmonic calculation is 9% complete after 3.41667 minutes.  360 of 3996 waves calculated.
Anharmonic calculation is 10% complete after 3.78333 minutes.  400 of 3996 waves calculated.
Anharmonic calculation is 11% complete after 4.16667 minutes.  440 of 3996 waves calculated.
Anharmonic calculation is 12% complete after 4.53333 minutes.  480 of 3996 waves calculated.
Anharmonic calculation is 13% complete after 4.91667 minutes.  520 of 3996 waves calculated.
Anharmonic calculation is 14% complete after 5.28333 minutes.  560 of 3996 waves calculated.
Anharmonic calculation is 15% complete after 5.66667 minutes.  600 of 3996 waves calculated.
Anharmonic calculation is 16% complete after 6.03333 minutes.  640 of 3996 waves calculated.
Anharmonic calculation is 17% complete after 6.41667 minutes.  680 of 3996 waves calculated.
Anharmonic calculation is 18% complete after 6.78333 minutes.  720 of 3996 waves calculated.
Anharmonic calculation is 19% complete after 7.16667 minutes.  760 of 3996 waves calculated.
Anharmonic calculation is 20% complete after 7.53333 minutes.  800 of 3996 waves calculated.
Anharmonic calculation is 21% complete after 7.91667 minutes.  840 of 3996 waves calculated.
Anharmonic calculation is 22% complete after 8.28333 minutes.  880 of 3996 waves calculated.
Anharmonic calculation is 23% complete after 8.66667 minutes.  920 of 3996 waves calculated.
Anharmonic calculation is 24% complete after 9.03333 minutes.  960 of 3996 waves calculated.
Anharmonic calculation is 25% complete after 9.4 minutes.  999 of 3996 waves calculated.
Anharmonic calculation is 26% complete after 9.78333 minutes.  1039 of 3996 waves calculated.
Anharmonic calculation is 27% complete after 10.15 minutes.  1079 of 3996 waves calculated.
Anharmonic calculation is 28% complete after 10.5333 minutes.  1119 of 3996 waves calculated.
Anharmonic calculation is 29% complete after 10.9 minutes.  1159 of 3996 waves calculated.
Anharmonic calculation is 30% complete after 11.2667 minutes.  1199 of 3996 waves calculated.
Anharmonic calculation is 31% complete after 11.65 minutes.  1239 of 3996 waves calculated.
Anharmonic calculation is 32% complete after 12.0167 minutes.  1279 of 3996 waves calculated.
Anharmonic calculation is 33% complete after 12.4 minutes.  1319 of 3996 waves calculated.
Anharmonic calculation is 34% complete after 12.7667 minutes.  1359 of 3996 waves calculated.
Anharmonic calculation is 35% complete after 13.15 minutes.  1399 of 3996 waves calculated.
Anharmonic calculation is 36% complete after 13.5167 minutes.  1439 of 3996 waves calculated.
Anharmonic calculation is 37% complete after 13.9 minutes.  1479 of 3996 waves calculated.
Anharmonic calculation is 38% complete after 14.2667 minutes.  1519 of 3996 waves calculated.
Anharmonic calculation is 39% complete after 14.65 minutes.  1559 of 3996 waves calculated.
Anharmonic calculation is 40% complete after 15.0167 minutes.  1599 of 3996 waves calculated.
Anharmonic calculation is 41% complete after 15.4 minutes.  1639 of 3996 waves calculated.
Anharmonic calculation is 42% complete after 15.7833 minutes.  1679 of 3996 waves calculated.
Anharmonic calculation is 43% complete after 16.15 minutes.  1719 of 3996 waves calculated.
Anharmonic calculation is 44% complete after 16.5333 minutes.  1759 of 3996 waves calculated.
Anharmonic calculation is 45% complete after 16.9167 minutes.  1799 of 3996 waves calculated.
Anharmonic calculation is 46% complete after 17.3 minutes.  1839 of 3996 waves calculated.
Anharmonic calculation is 47% complete after 17.6833 minutes.  1879 of 3996 waves calculated.
Anharmonic calculation is 48% complete after 18.0833 minutes.  1919 of 3996 waves calculated.
Anharmonic calculation is 49% complete after 18.4667 minutes.  1959 of 3996 waves calculated.
Anharmonic calculation is 50% complete after 18.8333 minutes.  1998 of 3996 waves calculated.
Anharmonic calculation is 51% complete after 19.2167 minutes.  2038 of 3996 waves calculated.
Anharmonic calculation is 52% complete after 19.6 minutes.  2078 of 3996 waves calculated.
Anharmonic calculation is 53% complete after 20 minutes.  2118 of 3996 waves calculated.
Anharmonic calculation is 54% complete after 20.3833 minutes.  2158 of 3996 waves calculated.
Anharmonic calculation is 55% complete after 20.7833 minutes.  2198 of 3996 waves calculated.
Anharmonic calculation is 56% complete after 21.2167 minutes.  2238 of 3996 waves calculated.
Anharmonic calculation is 57% complete after 21.6667 minutes.  2278 of 3996 waves calculated.
Anharmonic calculation is 58% complete after 22.1 minutes.  2318 of 3996 waves calculated.
Anharmonic calculation is 59% complete after 22.5167 minutes.  2358 of 3996 waves calculated.
Anharmonic calculation is 60% complete after 22.9333 minutes.  2398 of 3996 waves calculated.
Anharmonic calculation is 61% complete after 23.3667 minutes.  2438 of 3996 waves calculated.
Anharmonic calculation is 62% complete after 23.7833 minutes.  2478 of 3996 waves calculated.
Anharmonic calculation is 63% complete after 24.2 minutes.  2518 of 3996 waves calculated.
Anharmonic calculation is 64% complete after 24.6167 minutes.  2558 of 3996 waves calculated.
Anharmonic calculation is 65% complete after 25.05 minutes.  2598 of 3996 waves calculated.
Anharmonic calculation is 66% complete after 25.4667 minutes.  2638 of 3996 waves calculated.
Anharmonic calculation is 67% complete after 25.9 minutes.  2678 of 3996 waves calculated.
Anharmonic calculation is 68% complete after 26.3167 minutes.  2718 of 3996 waves calculated.
Anharmonic calculation is 69% complete after 26.75 minutes.  2758 of 3996 waves calculated.
Anharmonic calculation is 70% complete after 27.1667 minutes.  2798 of 3996 waves calculated.
Anharmonic calculation is 71% complete after 27.5833 minutes.  2838 of 3996 waves calculated.
Anharmonic calculation is 72% complete after 28 minutes.  2878 of 3996 waves calculated.
Anharmonic calculation is 73% complete after 28.4333 minutes.  2918 of 3996 waves calculated.
Anharmonic calculation is 74% complete after 28.8667 minutes.  2958 of 3996 waves calculated.
Anharmonic calculation is 75% complete after 29.2667 minutes.  2997 of 3996 waves calculated.
Anharmonic calculation is 76% complete after 29.6833 minutes.  3037 of 3996 waves calculated.
Anharmonic calculation is 77% complete after 30.1167 minutes.  3077 of 3996 waves calculated.
Anharmonic calculation is 78% complete after 30.5333 minutes.  3117 of 3996 waves calculated.
Anharmonic calculation is 79% complete after 30.95 minutes.  3157 of 3996 waves calculated.
Anharmonic calculation is 80% complete after 31.3667 minutes.  3197 of 3996 waves calculated.
Anharmonic calculation is 81% complete after 31.8 minutes.  3237 of 3996 waves calculated.
Anharmonic calculation is 82% complete after 32.2167 minutes.  3277 of 3996 waves calculated.
Anharmonic calculation is 83% complete after 32.6167 minutes.  3317 of 3996 waves calculated.
Anharmonic calculation is 84% complete after 33.0167 minutes.  3357 of 3996 waves calculated.
Anharmonic calculation is 85% complete after 33.4333 minutes.  3397 of 3996 waves calculated.
Anharmonic calculation is 86% complete after 33.8333 minutes.  3437 of 3996 waves calculated.
Anharmonic calculation is 87% complete after 34.2333 minutes.  3477 of 3996 waves calculated.
Anharmonic calculation is 88% complete after 34.6167 minutes.  3517 of 3996 waves calculated.
Anharmonic calculation is 89% complete after 35.05 minutes.  3557 of 3996 waves calculated.
Anharmonic calculation is 90% complete after 35.4833 minutes.  3597 of 3996 waves calculated.
Anharmonic calculation is 91% complete after 35.9167 minutes.  3637 of 3996 waves calculated.
Anharmonic calculation is 92% complete after 36.3333 minutes.  3677 of 3996 waves calculated.
Anharmonic calculation is 93% complete after 36.75 minutes.  3717 of 3996 waves calculated.
Anharmonic calculation is 94% complete after 37.1833 minutes.  3757 of 3996 waves calculated.
Anharmonic calculation is 95% complete after 37.6167 minutes.  3797 of 3996 waves calculated.
Anharmonic calculation is 96% complete after 38.0333 minutes.  3837 of 3996 waves calculated.
Anharmonic calculation is 97% complete after 38.45 minutes.  3877 of 3996 waves calculated.
Anharmonic calculation is 98% complete after 38.85 minutes.  3917 of 3996 waves calculated.
Anharmonic calculation is 99% complete after 39.2333 minutes.  3957 of 3996 waves calculated.

Computing thermal conductivity (iter 1)...


Computing frequency shift and linewidth (iter 2)...

Anharmonic calculation is 1% complete after 0.433333 minutes.  40 of 3996 waves calculated.
Anharmonic calculation is 2% complete after 0.85 minutes.  80 of 3996 waves calculated.
Anharmonic calculation is 3% complete after 1.23333 minutes.  120 of 3996 waves calculated.
Anharmonic calculation is 4% complete after 1.6 minutes.  160 of 3996 waves calculated.
Anharmonic calculation is 5% complete after 1.98333 minutes.  200 of 3996 waves calculated.
Anharmonic calculation is 6% complete after 2.36667 minutes.  240 of 3996 waves calculated.
Anharmonic calculation is 7% complete after 2.75 minutes.  280 of 3996 waves calculated.
Anharmonic calculation is 8% complete after 3.11667 minutes.  320 of 3996 waves calculated.
Anharmonic calculation is 9% complete after 3.5 minutes.  360 of 3996 waves calculated.
Anharmonic calculation is 10% complete after 3.88333 minutes.  400 of 3996 waves calculated.
Anharmonic calculation is 11% complete after 4.26667 minutes.  440 of 3996 waves calculated.
Anharmonic calculation is 12% complete after 4.63333 minutes.  480 of 3996 waves calculated.
Anharmonic calculation is 13% complete after 5.01667 minutes.  520 of 3996 waves calculated.
Anharmonic calculation is 14% complete after 5.4 minutes.  560 of 3996 waves calculated.
Anharmonic calculation is 15% complete after 5.76667 minutes.  600 of 3996 waves calculated.
Anharmonic calculation is 16% complete after 6.15 minutes.  640 of 3996 waves calculated.
Anharmonic calculation is 17% complete after 6.53333 minutes.  680 of 3996 waves calculated.
Anharmonic calculation is 18% complete after 6.91667 minutes.  720 of 3996 waves calculated.
Anharmonic calculation is 19% complete after 7.28333 minutes.  760 of 3996 waves calculated.
Anharmonic calculation is 20% complete after 7.66667 minutes.  800 of 3996 waves calculated.
Anharmonic calculation is 21% complete after 8.05 minutes.  840 of 3996 waves calculated.
Anharmonic calculation is 22% complete after 8.43333 minutes.  880 of 3996 waves calculated.
Anharmonic calculation is 23% complete after 8.8 minutes.  920 of 3996 waves calculated.
Anharmonic calculation is 24% complete after 9.18333 minutes.  960 of 3996 waves calculated.
Anharmonic calculation is 25% complete after 9.55 minutes.  999 of 3996 waves calculated.
Anharmonic calculation is 26% complete after 9.93333 minutes.  1039 of 3996 waves calculated.
Anharmonic calculation is 27% complete after 10.3167 minutes.  1079 of 3996 waves calculated.
Anharmonic calculation is 28% complete after 10.6833 minutes.  1119 of 3996 waves calculated.
Anharmonic calculation is 29% complete after 11.0667 minutes.  1159 of 3996 waves calculated.
Anharmonic calculation is 30% complete after 11.45 minutes.  1199 of 3996 waves calculated.
Anharmonic calculation is 31% complete after 11.8333 minutes.  1239 of 3996 waves calculated.
Anharmonic calculation is 32% complete after 12.2 minutes.  1279 of 3996 waves calculated.
Anharmonic calculation is 33% complete after 12.5833 minutes.  1319 of 3996 waves calculated.
Anharmonic calculation is 34% complete after 12.9667 minutes.  1359 of 3996 waves calculated.
Anharmonic calculation is 35% complete after 13.3333 minutes.  1399 of 3996 waves calculated.
Anharmonic calculation is 36% complete after 13.7167 minutes.  1439 of 3996 waves calculated.
Anharmonic calculation is 37% complete after 14.1 minutes.  1479 of 3996 waves calculated.
Anharmonic calculation is 38% complete after 14.4833 minutes.  1519 of 3996 waves calculated.
Anharmonic calculation is 39% complete after 14.85 minutes.  1559 of 3996 waves calculated.
Anharmonic calculation is 40% complete after 15.2333 minutes.  1599 of 3996 waves calculated.
Anharmonic calculation is 41% complete after 15.6167 minutes.  1639 of 3996 waves calculated.
Anharmonic calculation is 42% complete after 15.9833 minutes.  1679 of 3996 waves calculated.
Anharmonic calculation is 43% complete after 16.3667 minutes.  1719 of 3996 waves calculated.
Anharmonic calculation is 44% complete after 16.75 minutes.  1759 of 3996 waves calculated.
Anharmonic calculation is 45% complete after 17.1333 minutes.  1799 of 3996 waves calculated.
Anharmonic calculation is 46% complete after 17.5167 minutes.  1839 of 3996 waves calculated.
Anharmonic calculation is 47% complete after 17.9 minutes.  1879 of 3996 waves calculated.
Anharmonic calculation is 48% complete after 18.2833 minutes.  1919 of 3996 waves calculated.
Anharmonic calculation is 49% complete after 18.6667 minutes.  1959 of 3996 waves calculated.
Anharmonic calculation is 50% complete after 19.05 minutes.  1998 of 3996 waves calculated.
Anharmonic calculation is 51% complete after 19.4167 minutes.  2038 of 3996 waves calculated.
Anharmonic calculation is 52% complete after 19.8 minutes.  2078 of 3996 waves calculated.
Anharmonic calculation is 53% complete after 20.1833 minutes.  2118 of 3996 waves calculated.
Anharmonic calculation is 54% complete after 20.5667 minutes.  2158 of 3996 waves calculated.
Anharmonic calculation is 55% complete after 20.9333 minutes.  2198 of 3996 waves calculated.
Anharmonic calculation is 56% complete after 21.3167 minutes.  2238 of 3996 waves calculated.
Anharmonic calculation is 57% complete after 21.7 minutes.  2278 of 3996 waves calculated.
Anharmonic calculation is 58% complete after 22.0833 minutes.  2318 of 3996 waves calculated.
Anharmonic calculation is 59% complete after 22.45 minutes.  2358 of 3996 waves calculated.
Anharmonic calculation is 60% complete after 22.8333 minutes.  2398 of 3996 waves calculated.
Anharmonic calculation is 61% complete after 23.2167 minutes.  2438 of 3996 waves calculated.
Anharmonic calculation is 62% complete after 23.6 minutes.  2478 of 3996 waves calculated.
Anharmonic calculation is 63% complete after 23.9667 minutes.  2518 of 3996 waves calculated.
Anharmonic calculation is 64% complete after 24.35 minutes.  2558 of 3996 waves calculated.
Anharmonic calculation is 65% complete after 24.7333 minutes.  2598 of 3996 waves calculated.
Anharmonic calculation is 66% complete after 25.1 minutes.  2638 of 3996 waves calculated.
Anharmonic calculation is 67% complete after 25.4833 minutes.  2678 of 3996 waves calculated.
Anharmonic calculation is 68% complete after 25.8667 minutes.  2718 of 3996 waves calculated.
Anharmonic calculation is 69% complete after 26.25 minutes.  2758 of 3996 waves calculated.
Anharmonic calculation is 70% complete after 26.6167 minutes.  2798 of 3996 waves calculated.
Anharmonic calculation is 71% complete after 27 minutes.  2838 of 3996 waves calculated.
Anharmonic calculation is 72% complete after 27.3833 minutes.  2878 of 3996 waves calculated.
Anharmonic calculation is 73% complete after 27.7667 minutes.  2918 of 3996 waves calculated.
Anharmonic calculation is 74% complete after 28.1333 minutes.  2958 of 3996 waves calculated.
Anharmonic calculation is 75% complete after 28.5 minutes.  2997 of 3996 waves calculated.
Anharmonic calculation is 76% complete after 28.8833 minutes.  3037 of 3996 waves calculated.
Anharmonic calculation is 77% complete after 29.2667 minutes.  3077 of 3996 waves calculated.
Anharmonic calculation is 78% complete after 29.65 minutes.  3117 of 3996 waves calculated.
Anharmonic calculation is 79% complete after 30.0167 minutes.  3157 of 3996 waves calculated.
Anharmonic calculation is 80% complete after 30.4 minutes.  3197 of 3996 waves calculated.
Anharmonic calculation is 81% complete after 30.7833 minutes.  3237 of 3996 waves calculated.
Anharmonic calculation is 82% complete after 31.15 minutes.  3277 of 3996 waves calculated.
Anharmonic calculation is 83% complete after 31.5333 minutes.  3317 of 3996 waves calculated.
Anharmonic calculation is 84% complete after 31.9167 minutes.  3357 of 3996 waves calculated.
Anharmonic calculation is 85% complete after 32.3 minutes.  3397 of 3996 waves calculated.
Anharmonic calculation is 86% complete after 32.6667 minutes.  3437 of 3996 waves calculated.
Anharmonic calculation is 87% complete after 33.05 minutes.  3477 of 3996 waves calculated.
Anharmonic calculation is 88% complete after 33.4333 minutes.  3517 of 3996 waves calculated.
Anharmonic calculation is 89% complete after 33.8167 minutes.  3557 of 3996 waves calculated.
Anharmonic calculation is 90% complete after 34.1833 minutes.  3597 of 3996 waves calculated.
Anharmonic calculation is 91% complete after 34.5667 minutes.  3637 of 3996 waves calculated.
Anharmonic calculation is 92% complete after 34.95 minutes.  3677 of 3996 waves calculated.
Anharmonic calculation is 93% complete after 35.3333 minutes.  3717 of 3996 waves calculated.
Anharmonic calculation is 94% complete after 35.7 minutes.  3757 of 3996 waves calculated.
Anharmonic calculation is 95% complete after 36.0833 minutes.  3797 of 3996 waves calculated.
Anharmonic calculation is 96% complete after 36.4667 minutes.  3837 of 3996 waves calculated.
Anharmonic calculation is 97% complete after 36.8333 minutes.  3877 of 3996 waves calculated.
Anharmonic calculation is 98% complete after 37.2167 minutes.  3917 of 3996 waves calculated.
Anharmonic calculation is 99% complete after 37.6 minutes.  3957 of 3996 waves calculated.

Computing thermal conductivity (iter 2)...


Computing frequency shift and linewidth (iter 3)...

Anharmonic calculation is 1% complete after 0.383333 minutes.  40 of 3996 waves calculated.
Anharmonic calculation is 2% complete after 0.766667 minutes.  80 of 3996 waves calculated.
Anharmonic calculation is 3% complete after 1.15 minutes.  120 of 3996 waves calculated.
Anharmonic calculation is 4% complete after 1.51667 minutes.  160 of 3996 waves calculated.
Anharmonic calculation is 5% complete after 1.9 minutes.  200 of 3996 waves calculated.
Anharmonic calculation is 6% complete after 2.28333 minutes.  240 of 3996 waves calculated.
Anharmonic calculation is 7% complete after 2.66667 minutes.  280 of 3996 waves calculated.
Anharmonic calculation is 8% complete after 3.03333 minutes.  320 of 3996 waves calculated.
Anharmonic calculation is 9% complete after 3.41667 minutes.  360 of 3996 waves calculated.
Anharmonic calculation is 10% complete after 3.8 minutes.  400 of 3996 waves calculated.
Anharmonic calculation is 11% complete after 4.16667 minutes.  440 of 3996 waves calculated.
Anharmonic calculation is 12% complete after 4.55 minutes.  480 of 3996 waves calculated.
Anharmonic calculation is 13% complete after 4.93333 minutes.  520 of 3996 waves calculated.
Anharmonic calculation is 14% complete after 5.31667 minutes.  560 of 3996 waves calculated.
Anharmonic calculation is 15% complete after 5.68333 minutes.  600 of 3996 waves calculated.
Anharmonic calculation is 16% complete after 6.06667 minutes.  640 of 3996 waves calculated.
Anharmonic calculation is 17% complete after 6.45 minutes.  680 of 3996 waves calculated.
Anharmonic calculation is 18% complete after 6.83333 minutes.  720 of 3996 waves calculated.
Anharmonic calculation is 19% complete after 7.2 minutes.  760 of 3996 waves calculated.
Anharmonic calculation is 20% complete after 7.58333 minutes.  800 of 3996 waves calculated.
Anharmonic calculation is 21% complete after 7.96667 minutes.  840 of 3996 waves calculated.
Anharmonic calculation is 22% complete after 8.35 minutes.  880 of 3996 waves calculated.
Anharmonic calculation is 23% complete after 8.71667 minutes.  920 of 3996 waves calculated.
Anharmonic calculation is 24% complete after 9.1 minutes.  960 of 3996 waves calculated.
Anharmonic calculation is 25% complete after 9.46667 minutes.  999 of 3996 waves calculated.
Anharmonic calculation is 26% complete after 9.85 minutes.  1039 of 3996 waves calculated.
Anharmonic calculation is 27% complete after 10.2333 minutes.  1079 of 3996 waves calculated.
Anharmonic calculation is 28% complete after 10.6 minutes.  1119 of 3996 waves calculated.
Anharmonic calculation is 29% complete after 10.9833 minutes.  1159 of 3996 waves calculated.
Anharmonic calculation is 30% complete after 11.3667 minutes.  1199 of 3996 waves calculated.
Anharmonic calculation is 31% complete after 11.75 minutes.  1239 of 3996 waves calculated.
Anharmonic calculation is 32% complete after 12.1333 minutes.  1279 of 3996 waves calculated.
Anharmonic calculation is 33% complete after 12.5167 minutes.  1319 of 3996 waves calculated.
Anharmonic calculation is 34% complete after 12.9 minutes.  1359 of 3996 waves calculated.
Anharmonic calculation is 35% complete after 13.2833 minutes.  1399 of 3996 waves calculated.
Anharmonic calculation is 36% complete after 13.6833 minutes.  1439 of 3996 waves calculated.
Anharmonic calculation is 37% complete after 14.0833 minutes.  1479 of 3996 waves calculated.
Anharmonic calculation is 38% complete after 14.4667 minutes.  1519 of 3996 waves calculated.
Anharmonic calculation is 39% complete after 14.8667 minutes.  1559 of 3996 waves calculated.
Anharmonic calculation is 40% complete after 15.25 minutes.  1599 of 3996 waves calculated.
Anharmonic calculation is 41% complete after 15.6333 minutes.  1639 of 3996 waves calculated.
Anharmonic calculation is 42% complete after 16.0333 minutes.  1679 of 3996 waves calculated.
Anharmonic calculation is 43% complete after 16.4333 minutes.  1719 of 3996 waves calculated.
Anharmonic calculation is 44% complete after 16.85 minutes.  1759 of 3996 waves calculated.
Anharmonic calculation is 45% complete after 17.25 minutes.  1799 of 3996 waves calculated.
Anharmonic calculation is 46% complete after 17.6667 minutes.  1839 of 3996 waves calculated.
Anharmonic calculation is 47% complete after 18.0667 minutes.  1879 of 3996 waves calculated.
Anharmonic calculation is 48% complete after 18.4667 minutes.  1919 of 3996 waves calculated.
Anharmonic calculation is 49% complete after 18.8667 minutes.  1959 of 3996 waves calculated.
Anharmonic calculation is 50% complete after 19.25 minutes.  1998 of 3996 waves calculated.
Anharmonic calculation is 51% complete after 19.6333 minutes.  2038 of 3996 waves calculated.
Anharmonic calculation is 52% complete after 20.0167 minutes.  2078 of 3996 waves calculated.
Anharmonic calculation is 53% complete after 20.4167 minutes.  2118 of 3996 waves calculated.
Anharmonic calculation is 54% complete after 20.8333 minutes.  2158 of 3996 waves calculated.
Anharmonic calculation is 55% complete after 21.2667 minutes.  2198 of 3996 waves calculated.
Anharmonic calculation is 56% complete after 21.6833 minutes.  2238 of 3996 waves calculated.
Anharmonic calculation is 57% complete after 22.1 minutes.  2278 of 3996 waves calculated.
Anharmonic calculation is 58% complete after 22.5333 minutes.  2318 of 3996 waves calculated.
Anharmonic calculation is 59% complete after 22.95 minutes.  2358 of 3996 waves calculated.
Anharmonic calculation is 60% complete after 23.35 minutes.  2398 of 3996 waves calculated.
Anharmonic calculation is 61% complete after 23.75 minutes.  2438 of 3996 waves calculated.
Anharmonic calculation is 62% complete after 24.1333 minutes.  2478 of 3996 waves calculated.
Anharmonic calculation is 63% complete after 24.5333 minutes.  2518 of 3996 waves calculated.
Anharmonic calculation is 64% complete after 24.9333 minutes.  2558 of 3996 waves calculated.
Anharmonic calculation is 65% complete after 25.3333 minutes.  2598 of 3996 waves calculated.
Anharmonic calculation is 66% complete after 25.75 minutes.  2638 of 3996 waves calculated.
Anharmonic calculation is 67% complete after 26.1667 minutes.  2678 of 3996 waves calculated.
Anharmonic calculation is 68% complete after 26.5667 minutes.  2718 of 3996 waves calculated.
Anharmonic calculation is 69% complete after 26.9833 minutes.  2758 of 3996 waves calculated.
Anharmonic calculation is 70% complete after 27.3833 minutes.  2798 of 3996 waves calculated.
Anharmonic calculation is 71% complete after 27.7833 minutes.  2838 of 3996 waves calculated.
Anharmonic calculation is 72% complete after 28.2 minutes.  2878 of 3996 waves calculated.
Anharmonic calculation is 73% complete after 28.6333 minutes.  2918 of 3996 waves calculated.
Anharmonic calculation is 74% complete after 29.05 minutes.  2958 of 3996 waves calculated.
Anharmonic calculation is 75% complete after 29.45 minutes.  2997 of 3996 waves calculated.
Anharmonic calculation is 76% complete after 29.8667 minutes.  3037 of 3996 waves calculated.
Anharmonic calculation is 77% complete after 30.2833 minutes.  3077 of 3996 waves calculated.
Anharmonic calculation is 78% complete after 30.7167 minutes.  3117 of 3996 waves calculated.
Anharmonic calculation is 79% complete after 31.1333 minutes.  3157 of 3996 waves calculated.
Anharmonic calculation is 80% complete after 31.55 minutes.  3197 of 3996 waves calculated.
Anharmonic calculation is 81% complete after 31.9667 minutes.  3237 of 3996 waves calculated.
Anharmonic calculation is 82% complete after 32.3667 minutes.  3277 of 3996 waves calculated.
Anharmonic calculation is 83% complete after 32.7833 minutes.  3317 of 3996 waves calculated.
Anharmonic calculation is 84% complete after 33.2 minutes.  3357 of 3996 waves calculated.
Anharmonic calculation is 85% complete after 33.5833 minutes.  3397 of 3996 waves calculated.
Anharmonic calculation is 86% complete after 33.9667 minutes.  3437 of 3996 waves calculated.
Anharmonic calculation is 87% complete after 34.3833 minutes.  3477 of 3996 waves calculated.
Anharmonic calculation is 88% complete after 34.7833 minutes.  3517 of 3996 waves calculated.
Anharmonic calculation is 89% complete after 35.1833 minutes.  3557 of 3996 waves calculated.
Anharmonic calculation is 90% complete after 35.6 minutes.  3597 of 3996 waves calculated.
Anharmonic calculation is 91% complete after 36.0167 minutes.  3637 of 3996 waves calculated.
Anharmonic calculation is 92% complete after 36.4333 minutes.  3677 of 3996 waves calculated.
Anharmonic calculation is 93% complete after 36.85 minutes.  3717 of 3996 waves calculated.
Anharmonic calculation is 94% complete after 37.2667 minutes.  3757 of 3996 waves calculated.
Anharmonic calculation is 95% complete after 37.6667 minutes.  3797 of 3996 waves calculated.
Anharmonic calculation is 96% complete after 38.0833 minutes.  3837 of 3996 waves calculated.
Anharmonic calculation is 97% complete after 38.5 minutes.  3877 of 3996 waves calculated.
Anharmonic calculation is 98% complete after 38.9167 minutes.  3917 of 3996 waves calculated.
Anharmonic calculation is 99% complete after 39.35 minutes.  3957 of 3996 waves calculated.

Computing thermal conductivity (iter 3)...


Computing frequency shift and linewidth (iter 4)...

Anharmonic calculation is 1% complete after 0.416667 minutes.  40 of 3996 waves calculated.
Anharmonic calculation is 2% complete after 0.833333 minutes.  80 of 3996 waves calculated.
Anharmonic calculation is 3% complete after 1.25 minutes.  120 of 3996 waves calculated.
Anharmonic calculation is 4% complete after 1.66667 minutes.  160 of 3996 waves calculated.
Anharmonic calculation is 5% complete after 2.08333 minutes.  200 of 3996 waves calculated.
Anharmonic calculation is 6% complete after 2.5 minutes.  240 of 3996 waves calculated.
Anharmonic calculation is 7% complete after 2.93333 minutes.  280 of 3996 waves calculated.
Anharmonic calculation is 8% complete after 3.35 minutes.  320 of 3996 waves calculated.
Anharmonic calculation is 9% complete after 3.76667 minutes.  360 of 3996 waves calculated.
Anharmonic calculation is 10% complete after 4.18333 minutes.  400 of 3996 waves calculated.
Anharmonic calculation is 11% complete after 4.6 minutes.  440 of 3996 waves calculated.
Anharmonic calculation is 12% complete after 5.01667 minutes.  480 of 3996 waves calculated.
Anharmonic calculation is 13% complete after 5.45 minutes.  520 of 3996 waves calculated.
Anharmonic calculation is 14% complete after 5.86667 minutes.  560 of 3996 waves calculated.
Anharmonic calculation is 15% complete after 6.28333 minutes.  600 of 3996 waves calculated.
Anharmonic calculation is 16% complete after 6.7 minutes.  640 of 3996 waves calculated.
Anharmonic calculation is 17% complete after 7.13333 minutes.  680 of 3996 waves calculated.
Anharmonic calculation is 18% complete after 7.55 minutes.  720 of 3996 waves calculated.
Anharmonic calculation is 19% complete after 8 minutes.  760 of 3996 waves calculated.
Anharmonic calculation is 20% complete after 8.41667 minutes.  800 of 3996 waves calculated.
Anharmonic calculation is 21% complete after 8.83333 minutes.  840 of 3996 waves calculated.
Anharmonic calculation is 22% complete after 9.26667 minutes.  880 of 3996 waves calculated.
Anharmonic calculation is 23% complete after 9.68333 minutes.  920 of 3996 waves calculated.
Anharmonic calculation is 24% complete after 10.1 minutes.  960 of 3996 waves calculated.
Anharmonic calculation is 25% complete after 10.5167 minutes.  999 of 3996 waves calculated.
Anharmonic calculation is 26% complete after 10.9333 minutes.  1039 of 3996 waves calculated.
Anharmonic calculation is 27% complete after 11.35 minutes.  1079 of 3996 waves calculated.
Anharmonic calculation is 28% complete after 11.7667 minutes.  1119 of 3996 waves calculated.
Anharmonic calculation is 29% complete after 12.1833 minutes.  1159 of 3996 waves calculated.
Anharmonic calculation is 30% complete after 12.6167 minutes.  1199 of 3996 waves calculated.
Anharmonic calculation is 31% complete after 13.0333 minutes.  1239 of 3996 waves calculated.
Anharmonic calculation is 32% complete after 13.45 minutes.  1279 of 3996 waves calculated.
Anharmonic calculation is 33% complete after 13.8667 minutes.  1319 of 3996 waves calculated.
Anharmonic calculation is 34% complete after 14.2833 minutes.  1359 of 3996 waves calculated.
Anharmonic calculation is 35% complete after 14.7 minutes.  1399 of 3996 waves calculated.
Anharmonic calculation is 36% complete after 15.1167 minutes.  1439 of 3996 waves calculated.
Anharmonic calculation is 37% complete after 15.55 minutes.  1479 of 3996 waves calculated.
Anharmonic calculation is 38% complete after 15.9667 minutes.  1519 of 3996 waves calculated.
Anharmonic calculation is 39% complete after 16.3833 minutes.  1559 of 3996 waves calculated.
Anharmonic calculation is 40% complete after 16.8 minutes.  1599 of 3996 waves calculated.
Anharmonic calculation is 41% complete after 17.2 minutes.  1639 of 3996 waves calculated.
Anharmonic calculation is 42% complete after 17.6 minutes.  1679 of 3996 waves calculated.
Anharmonic calculation is 43% complete after 18.0167 minutes.  1719 of 3996 waves calculated.
Anharmonic calculation is 44% complete after 18.4167 minutes.  1759 of 3996 waves calculated.
Anharmonic calculation is 45% complete after 18.85 minutes.  1799 of 3996 waves calculated.
Anharmonic calculation is 46% complete after 19.25 minutes.  1839 of 3996 waves calculated.
Anharmonic calculation is 47% complete after 19.6333 minutes.  1879 of 3996 waves calculated.
Anharmonic calculation is 48% complete after 20.0333 minutes.  1919 of 3996 waves calculated.
Anharmonic calculation is 49% complete after 20.4833 minutes.  1959 of 3996 waves calculated.
Anharmonic calculation is 50% complete after 20.9 minutes.  1998 of 3996 waves calculated.
Anharmonic calculation is 51% complete after 21.3333 minutes.  2038 of 3996 waves calculated.
Anharmonic calculation is 52% complete after 21.7833 minutes.  2078 of 3996 waves calculated.
Anharmonic calculation is 53% complete after 22.2167 minutes.  2118 of 3996 waves calculated.
Anharmonic calculation is 54% complete after 22.65 minutes.  2158 of 3996 waves calculated.
Anharmonic calculation is 55% complete after 23.0833 minutes.  2198 of 3996 waves calculated.
Anharmonic calculation is 56% complete after 23.5333 minutes.  2238 of 3996 waves calculated.
Anharmonic calculation is 57% complete after 23.9667 minutes.  2278 of 3996 waves calculated.
Anharmonic calculation is 58% complete after 24.4 minutes.  2318 of 3996 waves calculated.
Anharmonic calculation is 59% complete after 24.8333 minutes.  2358 of 3996 waves calculated.
Anharmonic calculation is 60% complete after 25.2667 minutes.  2398 of 3996 waves calculated.
Anharmonic calculation is 61% complete after 25.6833 minutes.  2438 of 3996 waves calculated.
Anharmonic calculation is 62% complete after 26.1333 minutes.  2478 of 3996 waves calculated.
Anharmonic calculation is 63% complete after 26.5667 minutes.  2518 of 3996 waves calculated.
Anharmonic calculation is 64% complete after 27 minutes.  2558 of 3996 waves calculated.
Anharmonic calculation is 65% complete after 27.4333 minutes.  2598 of 3996 waves calculated.
Anharmonic calculation is 66% complete after 27.8667 minutes.  2638 of 3996 waves calculated.
Anharmonic calculation is 67% complete after 28.3167 minutes.  2678 of 3996 waves calculated.
Anharmonic calculation is 68% complete after 28.75 minutes.  2718 of 3996 waves calculated.
Anharmonic calculation is 69% complete after 29.1667 minutes.  2758 of 3996 waves calculated.
Anharmonic calculation is 70% complete after 29.6 minutes.  2798 of 3996 waves calculated.
Anharmonic calculation is 71% complete after 30.0333 minutes.  2838 of 3996 waves calculated.
Anharmonic calculation is 72% complete after 30.45 minutes.  2878 of 3996 waves calculated.
Anharmonic calculation is 73% complete after 30.8833 minutes.  2918 of 3996 waves calculated.
Anharmonic calculation is 74% complete after 31.3 minutes.  2958 of 3996 waves calculated.
Anharmonic calculation is 75% complete after 31.7167 minutes.  2997 of 3996 waves calculated.
Anharmonic calculation is 76% complete after 32.15 minutes.  3037 of 3996 waves calculated.
Anharmonic calculation is 77% complete after 32.5833 minutes.  3077 of 3996 waves calculated.
Anharmonic calculation is 78% complete after 33.0167 minutes.  3117 of 3996 waves calculated.
Anharmonic calculation is 79% complete after 33.45 minutes.  3157 of 3996 waves calculated.
Anharmonic calculation is 80% complete after 33.8833 minutes.  3197 of 3996 waves calculated.
Anharmonic calculation is 81% complete after 34.3167 minutes.  3237 of 3996 waves calculated.
Anharmonic calculation is 82% complete after 34.7333 minutes.  3277 of 3996 waves calculated.
Anharmonic calculation is 83% complete after 35.1667 minutes.  3317 of 3996 waves calculated.
Anharmonic calculation is 84% complete after 35.5833 minutes.  3357 of 3996 waves calculated.
Anharmonic calculation is 85% complete after 36.0167 minutes.  3397 of 3996 waves calculated.
Anharmonic calculation is 86% complete after 36.4333 minutes.  3437 of 3996 waves calculated.
Anharmonic calculation is 87% complete after 36.8667 minutes.  3477 of 3996 waves calculated.
Anharmonic calculation is 88% complete after 37.3 minutes.  3517 of 3996 waves calculated.
Anharmonic calculation is 89% complete after 37.7333 minutes.  3557 of 3996 waves calculated.
Anharmonic calculation is 90% complete after 38.1667 minutes.  3597 of 3996 waves calculated.
Anharmonic calculation is 91% complete after 38.6 minutes.  3637 of 3996 waves calculated.
Anharmonic calculation is 92% complete after 39.0333 minutes.  3677 of 3996 waves calculated.
Anharmonic calculation is 93% complete after 39.45 minutes.  3717 of 3996 waves calculated.
Anharmonic calculation is 94% complete after 39.8833 minutes.  3757 of 3996 waves calculated.
Anharmonic calculation is 95% complete after 40.3167 minutes.  3797 of 3996 waves calculated.
Anharmonic calculation is 96% complete after 40.75 minutes.  3837 of 3996 waves calculated.
Anharmonic calculation is 97% complete after 41.1833 minutes.  3877 of 3996 waves calculated.
Anharmonic calculation is 98% complete after 41.6 minutes.  3917 of 3996 waves calculated.
Anharmonic calculation is 99% complete after 42.0667 minutes.  3957 of 3996 waves calculated.

Computing thermal conductivity (iter 4)...


Computing frequency shift and linewidth (iter 5)...

Anharmonic calculation is 1% complete after 0.433333 minutes.  40 of 3996 waves calculated.
Anharmonic calculation is 2% complete after 0.85 minutes.  80 of 3996 waves calculated.
Anharmonic calculation is 3% complete after 1.28333 minutes.  120 of 3996 waves calculated.
Anharmonic calculation is 4% complete after 1.68333 minutes.  160 of 3996 waves calculated.
Anharmonic calculation is 5% complete after 2.06667 minutes.  200 of 3996 waves calculated.
Anharmonic calculation is 6% complete after 2.46667 minutes.  240 of 3996 waves calculated.
Anharmonic calculation is 7% complete after 2.86667 minutes.  280 of 3996 waves calculated.
Anharmonic calculation is 8% complete after 3.26667 minutes.  320 of 3996 waves calculated.
Anharmonic calculation is 9% complete after 3.65 minutes.  360 of 3996 waves calculated.
Anharmonic calculation is 10% complete after 4.05 minutes.  400 of 3996 waves calculated.
Anharmonic calculation is 11% complete after 4.46667 minutes.  440 of 3996 waves calculated.
Anharmonic calculation is 12% complete after 4.86667 minutes.  480 of 3996 waves calculated.
Anharmonic calculation is 13% complete after 5.26667 minutes.  520 of 3996 waves calculated.
Anharmonic calculation is 14% complete after 5.66667 minutes.  560 of 3996 waves calculated.
Anharmonic calculation is 15% complete after 6.06667 minutes.  600 of 3996 waves calculated.
Anharmonic calculation is 16% complete after 6.46667 minutes.  640 of 3996 waves calculated.
Anharmonic calculation is 17% complete after 6.91667 minutes.  680 of 3996 waves calculated.
Anharmonic calculation is 18% complete after 7.35 minutes.  720 of 3996 waves calculated.
Anharmonic calculation is 19% complete after 7.76667 minutes.  760 of 3996 waves calculated.
Anharmonic calculation is 20% complete after 8.18333 minutes.  800 of 3996 waves calculated.
Anharmonic calculation is 21% complete after 8.58333 minutes.  840 of 3996 waves calculated.
Anharmonic calculation is 22% complete after 8.98333 minutes.  880 of 3996 waves calculated.
Anharmonic calculation is 23% complete after 9.38333 minutes.  920 of 3996 waves calculated.
Anharmonic calculation is 24% complete after 9.8 minutes.  960 of 3996 waves calculated.
Anharmonic calculation is 25% complete after 10.2167 minutes.  999 of 3996 waves calculated.
Anharmonic calculation is 26% complete after 10.65 minutes.  1039 of 3996 waves calculated.
Anharmonic calculation is 27% complete after 11.0667 minutes.  1079 of 3996 waves calculated.
Anharmonic calculation is 28% complete after 11.5 minutes.  1119 of 3996 waves calculated.
Anharmonic calculation is 29% complete after 11.9167 minutes.  1159 of 3996 waves calculated.
Anharmonic calculation is 30% complete after 12.35 minutes.  1199 of 3996 waves calculated.
Anharmonic calculation is 31% complete after 12.7667 minutes.  1239 of 3996 waves calculated.
Anharmonic calculation is 32% complete after 13.2 minutes.  1279 of 3996 waves calculated.
Anharmonic calculation is 33% complete after 13.6167 minutes.  1319 of 3996 waves calculated.
Anharmonic calculation is 34% complete after 14.05 minutes.  1359 of 3996 waves calculated.
Anharmonic calculation is 35% complete after 14.4667 minutes.  1399 of 3996 waves calculated.
Anharmonic calculation is 36% complete after 14.9 minutes.  1439 of 3996 waves calculated.
Anharmonic calculation is 37% complete after 15.3167 minutes.  1479 of 3996 waves calculated.
Anharmonic calculation is 38% complete after 15.75 minutes.  1519 of 3996 waves calculated.
Anharmonic calculation is 39% complete after 16.1667 minutes.  1559 of 3996 waves calculated.
Anharmonic calculation is 40% complete after 16.6 minutes.  1599 of 3996 waves calculated.
Anharmonic calculation is 41% complete after 17.0333 minutes.  1639 of 3996 waves calculated.
Anharmonic calculation is 42% complete after 17.4667 minutes.  1679 of 3996 waves calculated.
Anharmonic calculation is 43% complete after 17.9 minutes.  1719 of 3996 waves calculated.
Anharmonic calculation is 44% complete after 18.3167 minutes.  1759 of 3996 waves calculated.
Anharmonic calculation is 45% complete after 18.7667 minutes.  1799 of 3996 waves calculated.
Anharmonic calculation is 46% complete after 19.2 minutes.  1839 of 3996 waves calculated.
Anharmonic calculation is 47% complete after 19.6333 minutes.  1879 of 3996 waves calculated.
Anharmonic calculation is 48% complete after 20.0667 minutes.  1919 of 3996 waves calculated.
Anharmonic calculation is 49% complete after 20.4833 minutes.  1959 of 3996 waves calculated.
Anharmonic calculation is 50% complete after 20.8667 minutes.  1998 of 3996 waves calculated.
Anharmonic calculation is 51% complete after 21.2833 minutes.  2038 of 3996 waves calculated.
Anharmonic calculation is 52% complete after 21.6833 minutes.  2078 of 3996 waves calculated.
Anharmonic calculation is 53% complete after 22.0833 minutes.  2118 of 3996 waves calculated.
Anharmonic calculation is 54% complete after 22.4833 minutes.  2158 of 3996 waves calculated.
Anharmonic calculation is 55% complete after 22.9 minutes.  2198 of 3996 waves calculated.
Anharmonic calculation is 56% complete after 23.3333 minutes.  2238 of 3996 waves calculated.
Anharmonic calculation is 57% complete after 23.75 minutes.  2278 of 3996 waves calculated.
Anharmonic calculation is 58% complete after 24.15 minutes.  2318 of 3996 waves calculated.
Anharmonic calculation is 59% complete after 24.5333 minutes.  2358 of 3996 waves calculated.
Anharmonic calculation is 60% complete after 25.0167 minutes.  2398 of 3996 waves calculated.
Anharmonic calculation is 61% complete after 25.4167 minutes.  2438 of 3996 waves calculated.
Anharmonic calculation is 62% complete after 25.8167 minutes.  2478 of 3996 waves calculated.
Anharmonic calculation is 63% complete after 26.2 minutes.  2518 of 3996 waves calculated.
Anharmonic calculation is 64% complete after 26.6 minutes.  2558 of 3996 waves calculated.
Anharmonic calculation is 65% complete after 27 minutes.  2598 of 3996 waves calculated.
Anharmonic calculation is 66% complete after 27.4 minutes.  2638 of 3996 waves calculated.
Anharmonic calculation is 67% complete after 27.8 minutes.  2678 of 3996 waves calculated.
Anharmonic calculation is 68% complete after 28.1833 minutes.  2718 of 3996 waves calculated.
Anharmonic calculation is 69% complete after 28.5833 minutes.  2758 of 3996 waves calculated.
Anharmonic calculation is 70% complete after 28.9667 minutes.  2798 of 3996 waves calculated.
Anharmonic calculation is 71% complete after 29.35 minutes.  2838 of 3996 waves calculated.
Anharmonic calculation is 72% complete after 29.75 minutes.  2878 of 3996 waves calculated.
Anharmonic calculation is 73% complete after 30.1333 minutes.  2918 of 3996 waves calculated.
Anharmonic calculation is 74% complete after 30.5167 minutes.  2958 of 3996 waves calculated.
Anharmonic calculation is 75% complete after 30.9 minutes.  2997 of 3996 waves calculated.
Anharmonic calculation is 76% complete after 31.2833 minutes.  3037 of 3996 waves calculated.
Anharmonic calculation is 77% complete after 31.6667 minutes.  3077 of 3996 waves calculated.
Anharmonic calculation is 78% complete after 32.05 minutes.  3117 of 3996 waves calculated.
Anharmonic calculation is 79% complete after 32.45 minutes.  3157 of 3996 waves calculated.
Anharmonic calculation is 80% complete after 32.8333 minutes.  3197 of 3996 waves calculated.
Anharmonic calculation is 81% complete after 33.2167 minutes.  3237 of 3996 waves calculated.
Anharmonic calculation is 82% complete after 33.6 minutes.  3277 of 3996 waves calculated.
Anharmonic calculation is 83% complete after 34 minutes.  3317 of 3996 waves calculated.
Anharmonic calculation is 84% complete after 34.3833 minutes.  3357 of 3996 waves calculated.
Anharmonic calculation is 85% complete after 34.7667 minutes.  3397 of 3996 waves calculated.
Anharmonic calculation is 86% complete after 35.15 minutes.  3437 of 3996 waves calculated.
Anharmonic calculation is 87% complete after 35.5333 minutes.  3477 of 3996 waves calculated.
Anharmonic calculation is 88% complete after 35.9333 minutes.  3517 of 3996 waves calculated.
Anharmonic calculation is 89% complete after 36.3167 minutes.  3557 of 3996 waves calculated.
Anharmonic calculation is 90% complete after 36.7 minutes.  3597 of 3996 waves calculated.
Anharmonic calculation is 91% complete after 37.0833 minutes.  3637 of 3996 waves calculated.
Anharmonic calculation is 92% complete after 37.4833 minutes.  3677 of 3996 waves calculated.
Anharmonic calculation is 93% complete after 37.8667 minutes.  3717 of 3996 waves calculated.
Anharmonic calculation is 94% complete after 38.25 minutes.  3757 of 3996 waves calculated.
Anharmonic calculation is 95% complete after 38.6333 minutes.  3797 of 3996 waves calculated.
Anharmonic calculation is 96% complete after 39.0333 minutes.  3837 of 3996 waves calculated.
Anharmonic calculation is 97% complete after 39.4167 minutes.  3877 of 3996 waves calculated.
Anharmonic calculation is 98% complete after 39.8 minutes.  3917 of 3996 waves calculated.
Anharmonic calculation is 99% complete after 40.1833 minutes.  3957 of 3996 waves calculated.

Computing thermal conductivity (iter 5)...


Computing frequency shift and linewidth (iter 6)...

Anharmonic calculation is 1% complete after 0.4 minutes.  40 of 3996 waves calculated.
Anharmonic calculation is 2% complete after 0.783333 minutes.  80 of 3996 waves calculated.
Anharmonic calculation is 3% complete after 1.16667 minutes.  120 of 3996 waves calculated.
Anharmonic calculation is 4% complete after 1.55 minutes.  160 of 3996 waves calculated.
Anharmonic calculation is 5% complete after 1.95 minutes.  200 of 3996 waves calculated.
Anharmonic calculation is 6% complete after 2.33333 minutes.  240 of 3996 waves calculated.
Anharmonic calculation is 7% complete after 2.71667 minutes.  280 of 3996 waves calculated.
Anharmonic calculation is 8% complete after 3.1 minutes.  320 of 3996 waves calculated.
Anharmonic calculation is 9% complete after 3.48333 minutes.  360 of 3996 waves calculated.
Anharmonic calculation is 10% complete after 3.88333 minutes.  400 of 3996 waves calculated.
Anharmonic calculation is 11% complete after 4.26667 minutes.  440 of 3996 waves calculated.
Anharmonic calculation is 12% complete after 4.65 minutes.  480 of 3996 waves calculated.
Anharmonic calculation is 13% complete after 5.03333 minutes.  520 of 3996 waves calculated.
Anharmonic calculation is 14% complete after 5.43333 minutes.  560 of 3996 waves calculated.
Anharmonic calculation is 15% complete after 5.83333 minutes.  600 of 3996 waves calculated.
Anharmonic calculation is 16% complete after 6.23333 minutes.  640 of 3996 waves calculated.
Anharmonic calculation is 17% complete after 6.65 minutes.  680 of 3996 waves calculated.
Anharmonic calculation is 18% complete after 7.05 minutes.  720 of 3996 waves calculated.
Anharmonic calculation is 19% complete after 7.43333 minutes.  760 of 3996 waves calculated.
Anharmonic calculation is 20% complete after 7.81667 minutes.  800 of 3996 waves calculated.
Anharmonic calculation is 21% complete after 8.2 minutes.  840 of 3996 waves calculated.
Anharmonic calculation is 22% complete after 8.6 minutes.  880 of 3996 waves calculated.
Anharmonic calculation is 23% complete after 8.98333 minutes.  920 of 3996 waves calculated.
Anharmonic calculation is 24% complete after 9.36667 minutes.  960 of 3996 waves calculated.
Anharmonic calculation is 25% complete after 9.73333 minutes.  999 of 3996 waves calculated.
Anharmonic calculation is 26% complete after 10.1167 minutes.  1039 of 3996 waves calculated.
Anharmonic calculation is 27% complete after 10.5 minutes.  1079 of 3996 waves calculated.
Anharmonic calculation is 28% complete after 10.8833 minutes.  1119 of 3996 waves calculated.
Anharmonic calculation is 29% complete after 11.2667 minutes.  1159 of 3996 waves calculated.
Anharmonic calculation is 30% complete after 11.6667 minutes.  1199 of 3996 waves calculated.
Anharmonic calculation is 31% complete after 12.05 minutes.  1239 of 3996 waves calculated.
Anharmonic calculation is 32% complete after 12.4333 minutes.  1279 of 3996 waves calculated.
Anharmonic calculation is 33% complete after 12.8167 minutes.  1319 of 3996 waves calculated.
Anharmonic calculation is 34% complete after 13.2 minutes.  1359 of 3996 waves calculated.
Anharmonic calculation is 35% complete after 13.5833 minutes.  1399 of 3996 waves calculated.
Anharmonic calculation is 36% complete after 13.9667 minutes.  1439 of 3996 waves calculated.
Anharmonic calculation is 37% complete after 14.3667 minutes.  1479 of 3996 waves calculated.
Anharmonic calculation is 38% complete after 14.75 minutes.  1519 of 3996 waves calculated.
Anharmonic calculation is 39% complete after 15.15 minutes.  1559 of 3996 waves calculated.
Anharmonic calculation is 40% complete after 15.5167 minutes.  1599 of 3996 waves calculated.
Anharmonic calculation is 41% complete after 15.9 minutes.  1639 of 3996 waves calculated.
Anharmonic calculation is 42% complete after 16.2833 minutes.  1679 of 3996 waves calculated.
Anharmonic calculation is 43% complete after 16.65 minutes.  1719 of 3996 waves calculated.
Anharmonic calculation is 44% complete after 17.0333 minutes.  1759 of 3996 waves calculated.
Anharmonic calculation is 45% complete after 17.4167 minutes.  1799 of 3996 waves calculated.
Anharmonic calculation is 46% complete after 17.7833 minutes.  1839 of 3996 waves calculated.
Anharmonic calculation is 47% complete after 18.1667 minutes.  1879 of 3996 waves calculated.
Anharmonic calculation is 48% complete after 18.55 minutes.  1919 of 3996 waves calculated.
Anharmonic calculation is 49% complete after 18.9167 minutes.  1959 of 3996 waves calculated.
Anharmonic calculation is 50% complete after 19.2833 minutes.  1998 of 3996 waves calculated.
Anharmonic calculation is 51% complete after 19.6667 minutes.  2038 of 3996 waves calculated.
Anharmonic calculation is 52% complete after 20.05 minutes.  2078 of 3996 waves calculated.
Anharmonic calculation is 53% complete after 20.4167 minutes.  2118 of 3996 waves calculated.
Anharmonic calculation is 54% complete after 20.8 minutes.  2158 of 3996 waves calculated.
Anharmonic calculation is 55% complete after 21.1833 minutes.  2198 of 3996 waves calculated.
Anharmonic calculation is 56% complete after 21.55 minutes.  2238 of 3996 waves calculated.
Anharmonic calculation is 57% complete after 21.9333 minutes.  2278 of 3996 waves calculated.
Anharmonic calculation is 58% complete after 22.3167 minutes.  2318 of 3996 waves calculated.
Anharmonic calculation is 59% complete after 22.6833 minutes.  2358 of 3996 waves calculated.
Anharmonic calculation is 60% complete after 23.0667 minutes.  2398 of 3996 waves calculated.
Anharmonic calculation is 61% complete after 23.45 minutes.  2438 of 3996 waves calculated.
Anharmonic calculation is 62% complete after 23.8167 minutes.  2478 of 3996 waves calculated.
Anharmonic calculation is 63% complete after 24.2 minutes.  2518 of 3996 waves calculated.
Anharmonic calculation is 64% complete after 24.5833 minutes.  2558 of 3996 waves calculated.
Anharmonic calculation is 65% complete after 24.95 minutes.  2598 of 3996 waves calculated.
Anharmonic calculation is 66% complete after 25.3333 minutes.  2638 of 3996 waves calculated.
Anharmonic calculation is 67% complete after 25.7167 minutes.  2678 of 3996 waves calculated.
Anharmonic calculation is 68% complete after 26.0833 minutes.  2718 of 3996 waves calculated.
Anharmonic calculation is 69% complete after 26.4667 minutes.  2758 of 3996 waves calculated.
Anharmonic calculation is 70% complete after 26.85 minutes.  2798 of 3996 waves calculated.
Anharmonic calculation is 71% complete after 27.2167 minutes.  2838 of 3996 waves calculated.
Anharmonic calculation is 72% complete after 27.6 minutes.  2878 of 3996 waves calculated.
Anharmonic calculation is 73% complete after 27.9833 minutes.  2918 of 3996 waves calculated.
Anharmonic calculation is 74% complete after 28.35 minutes.  2958 of 3996 waves calculated.
Anharmonic calculation is 75% complete after 28.7167 minutes.  2997 of 3996 waves calculated.
Anharmonic calculation is 76% complete after 29.1 minutes.  3037 of 3996 waves calculated.
Anharmonic calculation is 77% complete after 29.4833 minutes.  3077 of 3996 waves calculated.
Anharmonic calculation is 78% complete after 29.85 minutes.  3117 of 3996 waves calculated.
Anharmonic calculation is 79% complete after 30.2333 minutes.  3157 of 3996 waves calculated.
Anharmonic calculation is 80% complete after 30.6167 minutes.  3197 of 3996 waves calculated.
Anharmonic calculation is 81% complete after 30.9833 minutes.  3237 of 3996 waves calculated.
Anharmonic calculation is 82% complete after 31.3667 minutes.  3277 of 3996 waves calculated.
Anharmonic calculation is 83% complete after 31.75 minutes.  3317 of 3996 waves calculated.
Anharmonic calculation is 84% complete after 32.1167 minutes.  3357 of 3996 waves calculated.
Anharmonic calculation is 85% complete after 32.5 minutes.  3397 of 3996 waves calculated.
Anharmonic calculation is 86% complete after 32.8833 minutes.  3437 of 3996 waves calculated.
Anharmonic calculation is 87% complete after 33.25 minutes.  3477 of 3996 waves calculated.
Anharmonic calculation is 88% complete after 33.6333 minutes.  3517 of 3996 waves calculated.
Anharmonic calculation is 89% complete after 34.0167 minutes.  3557 of 3996 waves calculated.
Anharmonic calculation is 90% complete after 34.4 minutes.  3597 of 3996 waves calculated.
Anharmonic calculation is 91% complete after 34.7833 minutes.  3637 of 3996 waves calculated.
Anharmonic calculation is 92% complete after 35.1667 minutes.  3677 of 3996 waves calculated.
Anharmonic calculation is 93% complete after 35.55 minutes.  3717 of 3996 waves calculated.
Anharmonic calculation is 94% complete after 35.9167 minutes.  3757 of 3996 waves calculated.
Anharmonic calculation is 95% complete after 36.3 minutes.  3797 of 3996 waves calculated.
Anharmonic calculation is 96% complete after 36.6833 minutes.  3837 of 3996 waves calculated.
Anharmonic calculation is 97% complete after 37.05 minutes.  3877 of 3996 waves calculated.
Anharmonic calculation is 98% complete after 37.4333 minutes.  3917 of 3996 waves calculated.
Anharmonic calculation is 99% complete after 37.8167 minutes.  3957 of 3996 waves calculated.

Computing thermal conductivity (iter 6)...


Computing frequency shift and linewidth (iter 7)...

Anharmonic calculation is 1% complete after 0.383333 minutes.  40 of 3996 waves calculated.
Anharmonic calculation is 2% complete after 0.766667 minutes.  80 of 3996 waves calculated.
Anharmonic calculation is 3% complete after 1.13333 minutes.  120 of 3996 waves calculated.
Anharmonic calculation is 4% complete after 1.51667 minutes.  160 of 3996 waves calculated.
Anharmonic calculation is 5% complete after 1.9 minutes.  200 of 3996 waves calculated.
Anharmonic calculation is 6% complete after 2.3 minutes.  240 of 3996 waves calculated.
Anharmonic calculation is 7% complete after 2.7 minutes.  280 of 3996 waves calculated.
Anharmonic calculation is 8% complete after 3.1 minutes.  320 of 3996 waves calculated.
Anharmonic calculation is 9% complete after 3.58333 minutes.  360 of 3996 waves calculated.
Anharmonic calculation is 10% complete after 4 minutes.  400 of 3996 waves calculated.
Anharmonic calculation is 11% complete after 4.4 minutes.  440 of 3996 waves calculated.
Anharmonic calculation is 12% complete after 4.81667 minutes.  480 of 3996 waves calculated.
Anharmonic calculation is 13% complete after 5.2 minutes.  520 of 3996 waves calculated.
Anharmonic calculation is 14% complete after 5.6 minutes.  560 of 3996 waves calculated.
Anharmonic calculation is 15% complete after 6 minutes.  600 of 3996 waves calculated.
Anharmonic calculation is 16% complete after 6.4 minutes.  640 of 3996 waves calculated.
